#
# A fatal error has been detected by the Java Runtime Environment:
#
#  SIGSEGV (0xb) at pc=0x000000012fa04336, pid=11209, tid=0x0000000000015a03
#
# JRE version: Java(TM) SE Runtime Environment (8.0_144-b01) (build 1.8.0_144-b01)
# Java VM: Java HotSpot(TM) 64-Bit Server VM (25.144-b01 mixed mode bsd-amd64 compressed oops)
# Problematic frame:
# C  [libmwmvm.dylib+0x65336]  _ZNK3mvm6detail20DefaultRemoteFactory21privateReadHelloReplyERKNSt3__110unique_ptrIN10foundation7msg_svc9transport4sync17IOStreamTransportENS2_14default_deleteIS8_EEEE+0x26
#
# Failed to write core dump. Core dumps have been disabled. To enable core dumping, try "ulimit -c unlimited" before starting Java again
#
# If you would like to submit a bug report, please visit:
#   http://bugreport.java.com/bugreport/crash.jsp
# The crash happened outside the Java Virtual Machine in native code.
# See problematic frame for where to report the bug.
#

---------------  T H R E A D  ---------------

Current thread (0x00007f82301c5000):  JavaThread "Thread-146" daemon [_thread_in_native, id=88579, stack(0x0000700016d54000,0x0000700016e54000)]

siginfo: si_signo: 11 (SIGSEGV), si_code: 1 (SEGV_MAPERR), si_addr: 0x0000000000000090

Registers:
RAX=0x0000000000000000, RBX=0x0000700016e53020, RCX=0x00000000000000c0, RDX=0x0000000000000001
RSP=0x0000700016e52f20, RBP=0x0000700016e52f70, RSI=0x00007f82313b5410, RDI=0x0000700016e52de0
R8 =0x0000000000000087, R9 =0xffffffff00000000, R10=0x00007fff96456710, R11=0x0000000000000202
R12=0x0000700016e53258, R13=0x00007f822de1f400, R14=0x0000700016e52ff0, R15=0x00007f822de1f400
RIP=0x000000012fa04336, EFLAGS=0x0000000000010206, ERR=0x0000000000000004
  TRAPNO=0x000000000000000e

Top of Stack: (sp=0x0000700016e52f20)
0x0000700016e52f20:   0000000000000000 0000000000000000
0x0000700016e52f30:   00007f823179b340 00007f823179b320
0x0000700016e52f40:   0000000000000000 0000000000000000
0x0000700016e52f50:   0000700016e53020 0000700016e53258
0x0000700016e52f60:   00007f823179ba20 0000000000000001
0x0000700016e52f70:   0000700016e53070 000000012fa04ef7
0x0000700016e52f80:   0000000000000018 0000700016e53420
0x0000700016e52f90:   0000000000000000 0000000000000002
0x0000700016e52fa0:   0000700016e53020 0000700016e531a8
0x0000700016e52fb0:   0000700016e53010 00007f823179b660
0x0000700016e52fc0:   00007f823179ba20 00007f822de1f400
0x0000700016e52fd0:   0000000000000000 0000000000000000
0x0000700016e52fe0:   0000000000000000 0000000000000018
0x0000700016e52ff0:   00007f823179ba20 00007f823179b660
0x0000700016e53000:   00007f823179c110 00007f822de1f418
0x0000700016e53010:   0000700016e53050 000000012fa15e22
0x0000700016e53020:   0000000000000a35 0000000000002bc9
0x0000700016e53030:   00007f822de1f400 0000700016e53258
0x0000700016e53040:   8683ec3c0ef100f4 00007f823179c110
0x0000700016e53050:   0000700016e53258 0000700016e53420
0x0000700016e53060:   0000700016e531a8 0000000000000001
0x0000700016e53070:   0000700016e53180 000000012fa32b47
0x0000700016e53080:   0000700016e530a0 0000700016e530d0
0x0000700016e53090:   0000700016e53110 0000000000000000
0x0000700016e530a0:   0000000000000000 0000000000000000
0x0000700016e530b0:   0000000000000000 0000000000000001
0x0000700016e530c0:   0000700016e530e0 0000000000009159
0x0000700016e530d0:   0000000000000000 0000000000000000
0x0000700016e530e0:   0000000000000000 0000000000000000
0x0000700016e530f0:   0000000000000000 0000000000000000
0x0000700016e53100:   00007f822de1f400 0000700016e533e8
0x0000700016e53110:   0000700016e53118 0000000000000000 

Instructions: (pc=0x000000012fa04336)
0x000000012fa04316:   41 56 41 54 53 48 83 ec 30 49 89 f7 49 89 fe 48
0x000000012fa04326:   8b 32 48 8b 06 48 8d 7d d0 ff 50 18 48 8b 45 d0
0x000000012fa04336:   48 8b b8 90 00 00 00 48 8b 98 98 00 00 00 48 85
0x000000012fa04346:   db 74 04 f0 ff 43 08 48 85 ff 74 42 48 8b 35 47 

Register to memory mapping:

RAX=0x0000000000000000 is an unknown value
RBX=0x0000700016e53020 is pointing into the stack for thread: 0x00007f82301c5000
RCX=0x00000000000000c0 is an unknown value
RDX=0x0000000000000001 is an unknown value
RSP=0x0000700016e52f20 is pointing into the stack for thread: 0x00007f82301c5000
RBP=0x0000700016e52f70 is pointing into the stack for thread: 0x00007f82301c5000
RSI=0x00007f82313b5410 is an unknown value
RDI=0x0000700016e52de0 is pointing into the stack for thread: 0x00007f82301c5000
R8 =0x0000000000000087 is an unknown value
R9 =0xffffffff00000000 is an unknown value
R10=0x00007fff96456710: _ZZNSt3__112_GLOBAL__N_14makeINS_6locale5__impEjEERT_T0_E3buf+0x30 in /usr/lib/libc++.1.dylib at 0x00007fff6d0c0000
R11=0x0000000000000202 is an unknown value
R12=0x0000700016e53258 is pointing into the stack for thread: 0x00007f82301c5000
R13=0x00007f822de1f400 is an unknown value
R14=0x0000700016e52ff0 is pointing into the stack for thread: 0x00007f82301c5000
R15=0x00007f822de1f400 is an unknown value


Stack: [0x0000700016d54000,0x0000700016e54000],  sp=0x0000700016e52f20,  free space=1019k
Native frames: (J=compiled Java code, j=interpreted, Vv=VM code, C=native code)
C  [libmwmvm.dylib+0x65336]  _ZNK3mvm6detail20DefaultRemoteFactory21privateReadHelloReplyERKNSt3__110unique_ptrIN10foundation7msg_svc9transport4sync17IOStreamTransportENS2_14default_deleteIS8_EEEE+0x26
C  [libmwmvm.dylib+0x65ef7]  _ZN3mvm6detail20DefaultRemoteFactory15protectedLaunchEv+0x237
C  [libmwmvm.dylib+0x93b47]  _ZN3mvm6detail13MatlabFactory6createERKN7mwboost10shared_ptrINS0_11SessionImplEEERKNS_14FactoryOptionsENS_14ShutdownPolicyEbRKNSt3__112basic_stringIcNSC_11char_traitsIcEENSC_9allocatorIcEEEEN2fl10filesystem10basic_pathIcDsNSM_6detail11path_traitsIcDsEEEENSC_10shared_ptrINS_11CredentialsEEENSC_3mapISI_SI_NSC_4lessISI_EENSG_INSC_4pairISJ_SI_EEEEEE+0x1f7
C  [libmwmvm.dylib+0x93829]  _ZN3mvm13MatlabFactory13createFactoryERKN7mwboost10shared_ptrINS_7SessionEEERKNS_14FactoryOptionsENS_14ShutdownPolicyEbRKNSt3__112basic_stringIcNSB_11char_traitsIcEENSB_9allocatorIcEEEEN2fl10filesystem10basic_pathIcDsNSL_6detail11path_traitsIcDsEEEENSB_10shared_ptrINS_11CredentialsEEENSB_3mapISH_SH_NSB_4lessISH_EENSF_INSB_4pairISI_SH_EEEEEE+0x109
C  [libnativemvm.dylib+0x1f81]  _Z26nativeStartMatlabForEngineP7JNIEnv_P7_jclassP13_jobjectArray+0x2d1
j  com.mathworks.mvm.MvmFactory.nativeStartMatlabForEngine([Ljava/lang/String;)J+0
j  com.mathworks.mvm.MvmFactory.createEngineFactory([Ljava/lang/String;)Lcom/mathworks/mvm/MvmFactory;+1
j  com.mathworks.engine.MatlabEngine.open()V+5
j  com.mathworks.engine.MatlabEngine.startMatlab([Ljava/lang/String;)Lcom/mathworks/engine/MatlabEngine;+10
j  com.mathworks.engine.MatlabEngine$StartMatlabCallable.call()Lcom/mathworks/engine/MatlabEngine;+4
j  com.mathworks.engine.MatlabEngine$StartMatlabCallable.call()Ljava/lang/Object;+1
j  java.util.concurrent.FutureTask.run()V+42
J 7755 C1 java.util.concurrent.ThreadPoolExecutor.runWorker(Ljava/util/concurrent/ThreadPoolExecutor$Worker;)V (225 bytes) @ 0x0000000114e5a2dc [0x0000000114e592a0+0x103c]
j  java.util.concurrent.ThreadPoolExecutor$Worker.run()V+5
j  java.lang.Thread.run()V+11
v  ~StubRoutines::call_stub
V  [libjvm.dylib+0x2ee70a]
V  [libjvm.dylib+0x2eeeae]
V  [libjvm.dylib+0x2ef05a]
V  [libjvm.dylib+0x3497b1]
V  [libjvm.dylib+0x56c0b3]
V  [libjvm.dylib+0x56d7a0]
V  [libjvm.dylib+0x48baee]
C  [libsystem_pthread.dylib+0x6109]  _pthread_start+0x94
C  [libsystem_pthread.dylib+0x1b8b]  thread_start+0xf
C  0x0000000000000000

Java frames: (J=compiled Java code, j=interpreted, Vv=VM code)
j  com.mathworks.mvm.MvmFactory.nativeStartMatlabForEngine([Ljava/lang/String;)J+0
j  com.mathworks.mvm.MvmFactory.createEngineFactory([Ljava/lang/String;)Lcom/mathworks/mvm/MvmFactory;+1
j  com.mathworks.engine.MatlabEngine.open()V+5
j  com.mathworks.engine.MatlabEngine.startMatlab([Ljava/lang/String;)Lcom/mathworks/engine/MatlabEngine;+10
j  com.mathworks.engine.MatlabEngine$StartMatlabCallable.call()Lcom/mathworks/engine/MatlabEngine;+4
j  com.mathworks.engine.MatlabEngine$StartMatlabCallable.call()Ljava/lang/Object;+1
j  java.util.concurrent.FutureTask.run()V+42
J 7755 C1 java.util.concurrent.ThreadPoolExecutor.runWorker(Ljava/util/concurrent/ThreadPoolExecutor$Worker;)V (225 bytes) @ 0x0000000114e5a2dc [0x0000000114e592a0+0x103c]
j  java.util.concurrent.ThreadPoolExecutor$Worker.run()V+5
j  java.lang.Thread.run()V+11
v  ~StubRoutines::call_stub

---------------  P R O C E S S  ---------------

Java Threads: ( => current thread )
=>0x00007f82301c5000 JavaThread "Thread-146" daemon [_thread_in_native, id=88579, stack(0x0000700016d54000,0x0000700016e54000)]
  0x00007f822be9d000 JavaThread "Thread-145" daemon [_thread_blocked, id=130051, stack(0x0000700016b4b000,0x0000700016c4b000)]
  0x00007f82301c2000 JavaThread "Thread-144" daemon [_thread_in_native, id=130307, stack(0x0000700016a48000,0x0000700016b48000)]
  0x00007f822de1d000 JavaThread "Thread-143" daemon [_thread_in_native, id=130563, stack(0x0000700016945000,0x0000700016a45000)]
  0x00007f8229fa8000 JavaThread "Thread-142" daemon [_thread_blocked, id=64003, stack(0x000070001673c000,0x000070001683c000)]
  0x00007f8229fa0800 JavaThread "Thread-141" daemon [_thread_blocked, id=64779, stack(0x00007000165b6000,0x00007000166b6000)]
  0x00007f82301fd000 JavaThread "Thread-140" daemon [_thread_blocked, id=61699, stack(0x0000700016430000,0x0000700016530000)]
  0x00007f822b830800 JavaThread "Thread-139" daemon [_thread_in_native, id=65543, stack(0x000070001632d000,0x000070001642d000)]
  0x00007f8229fa5800 JavaThread "Thread-138" daemon [_thread_in_native, id=65807, stack(0x000070001622a000,0x000070001632a000)]
  0x00007f8229f9d000 JavaThread "Thread-137" daemon [_thread_blocked, id=61195, stack(0x0000700016127000,0x0000700016227000)]
  0x00007f822ddfb000 JavaThread "Thread-136" daemon [_thread_blocked, id=66563, stack(0x0000700016024000,0x0000700016124000)]
  0x00007f8229fef800 JavaThread "Thread-135" daemon [_thread_in_native, id=60935, stack(0x0000700015f21000,0x0000700016021000)]
  0x00007f822be0c000 JavaThread "Thread-134" daemon [_thread_in_native, id=60683, stack(0x0000700015e1e000,0x0000700015f1e000)]
  0x00007f822ddf9800 JavaThread "Thread-133" daemon [_thread_blocked, id=67587, stack(0x0000700015d1b000,0x0000700015e1b000)]
  0x00007f822be9b000 JavaThread "Thread-132" daemon [_thread_in_native, id=60423, stack(0x0000700015c18000,0x0000700015d18000)]
  0x00007f8229f99800 JavaThread "Thread-131" daemon [_thread_in_native, id=68363, stack(0x0000700015b15000,0x0000700015c15000)]
  0x00007f8230292800 JavaThread "Thread-130" daemon [_thread_blocked, id=68867, stack(0x0000700015a12000,0x0000700015b12000)]
  0x00007f822dddf800 JavaThread "Thread-129" daemon [_thread_in_native, id=59911, stack(0x000070001590f000,0x0000700015a0f000)]
  0x00007f8229ff8800 JavaThread "Thread-128" daemon [_thread_in_native, id=69131, stack(0x000070001580c000,0x000070001590c000)]
  0x00007f8230288800 JavaThread "Thread-127" daemon [_thread_blocked, id=59139, stack(0x0000700015709000,0x0000700015809000)]
  0x00007f82301d8000 JavaThread "Thread-126" daemon [_thread_in_native, id=69639, stack(0x0000700015606000,0x0000700015706000)]
  0x00007f8229ff8000 JavaThread "Thread-125" daemon [_thread_in_native, id=58639, stack(0x0000700015503000,0x0000700015603000)]
  0x00007f822ddde800 JavaThread "Thread-124" daemon [_thread_blocked, id=70151, stack(0x0000700015400000,0x0000700015500000)]
  0x00007f822ddde000 JavaThread "Thread-123" daemon [_thread_in_native, id=70419, stack(0x00007000152fd000,0x00007000153fd000)]
  0x00007f822deee000 JavaThread "Thread-122" daemon [_thread_in_native, id=58379, stack(0x00007000151fa000,0x00007000152fa000)]
  0x00007f8229ff6000 JavaThread "Thread-121" daemon [_thread_blocked, id=70663, stack(0x00007000150f7000,0x00007000151f7000)]
  0x00007f8229ff4800 JavaThread "Thread-120" daemon [_thread_in_native, id=57623, stack(0x0000700014ff4000,0x00007000150f4000)]
  0x00007f8229ff0800 JavaThread "Thread-119" daemon [_thread_in_native, id=57371, stack(0x0000700014ef1000,0x0000700014ff1000)]
  0x00007f82301cb000 JavaThread "Thread-118" daemon [_thread_blocked, id=71939, stack(0x0000700014dee000,0x0000700014eee000)]
  0x00007f8230290000 JavaThread "Thread-117" daemon [_thread_in_native, id=72195, stack(0x0000700014ceb000,0x0000700014deb000)]
  0x00007f822be97800 JavaThread "Thread-116" daemon [_thread_in_native, id=56075, stack(0x0000700014be8000,0x0000700014ce8000)]
  0x00007f82301ca000 JavaThread "Thread-115" daemon [_thread_blocked, id=55555, stack(0x0000700014a62000,0x0000700014b62000)]
  0x00007f822deed800 JavaThread "Thread-114" daemon [_thread_in_native, id=55043, stack(0x000070001495f000,0x0000700014a5f000)]
  0x00007f823028e000 JavaThread "Thread-113" daemon [_thread_in_native, id=54283, stack(0x000070001485c000,0x000070001495c000)]
  0x00007f8229ff3800 JavaThread "Thread-112" daemon [_thread_blocked, id=54019, stack(0x00007000146d6000,0x00007000147d6000)]
  0x00007f822be9b800 JavaThread "Thread-111" daemon [_thread_in_native, id=73735, stack(0x00007000145d3000,0x00007000146d3000)]
  0x00007f8229bc6800 JavaThread "Thread-110" daemon [_thread_in_native, id=73995, stack(0x00007000144d0000,0x00007000145d0000)]
  0x00007f822deec000 JavaThread "Thread-109" daemon [_thread_blocked, id=74243, stack(0x00007000143cd000,0x00007000144cd000)]
  0x00007f823028c800 JavaThread "Thread-108" daemon [_thread_in_native, id=74503, stack(0x00007000142ca000,0x00007000143ca000)]
  0x00007f822de8c000 JavaThread "Thread-107" daemon [_thread_in_native, id=75019, stack(0x00007000141c7000,0x00007000142c7000)]
  0x00007f822db4f800 JavaThread "Thread-106" daemon [_thread_blocked, id=52739, stack(0x00007000140c4000,0x00007000141c4000)]
  0x00007f822be94800 JavaThread "Thread-105" daemon [_thread_in_native, id=75271, stack(0x0000700013fc1000,0x00007000140c1000)]
  0x00007f82301d9800 JavaThread "Thread-104" daemon [_thread_in_native, id=75531, stack(0x0000700013ebe000,0x0000700013fbe000)]
  0x00007f822be93000 JavaThread "Thread-103" daemon [_thread_blocked, id=76035, stack(0x0000700013dbb000,0x0000700013ebb000)]
  0x00007f822be92800 JavaThread "Thread-102" daemon [_thread_in_native, id=76551, stack(0x0000700013cb8000,0x0000700013db8000)]
  0x00007f823056e000 JavaThread "Thread-101" daemon [_thread_in_native, id=77067, stack(0x0000700013bb5000,0x0000700013cb5000)]
  0x00007f822dd7c800 JavaThread "Thread-100" daemon [_thread_blocked, id=51971, stack(0x0000700013ab2000,0x0000700013bb2000)]
  0x00007f823062c800 JavaThread "Thread-99" daemon [_thread_in_native, id=77831, stack(0x00007000139af000,0x0000700013aaf000)]
  0x00007f82299bb000 JavaThread "Thread-98" daemon [_thread_in_native, id=78091, stack(0x00007000138ac000,0x00007000139ac000)]
  0x00007f82301d6800 JavaThread "Thread-97" daemon [_thread_blocked, id=78339, stack(0x00007000137a9000,0x00007000138a9000)]
  0x00007f82299bd800 JavaThread "Thread-96" daemon [_thread_in_native, id=78595, stack(0x00007000136a6000,0x00007000137a6000)]
  0x00007f822de8a000 JavaThread "Thread-95" daemon [_thread_in_native, id=50187, stack(0x00007000135a3000,0x00007000136a3000)]
  0x00007f822db21800 JavaThread "Thread-94" daemon [_thread_blocked, id=79363, stack(0x00007000134a0000,0x00007000135a0000)]
  0x00007f822be97000 JavaThread "Thread-93" daemon [_thread_in_native, id=79879, stack(0x000070001339d000,0x000070001349d000)]
  0x00007f822be96000 JavaThread "Thread-92" daemon [_thread_in_native, id=81239, stack(0x000070001329a000,0x000070001339a000)]
  0x00007f82301df800 JavaThread "Thread-91" daemon [_thread_blocked, id=49415, stack(0x0000700013197000,0x0000700013297000)]
  0x00007f822bf11800 JavaThread "Thread-90" daemon [_thread_in_native, id=46603, stack(0x0000700013094000,0x0000700013194000)]
  0x00007f822db20800 JavaThread "Thread-89" daemon [_thread_in_native, id=43891, stack(0x0000700012f91000,0x0000700013091000)]
  0x00007f82301dc800 JavaThread "Thread-88" daemon [_thread_blocked, id=84999, stack(0x0000700012e8e000,0x0000700012f8e000)]
  0x00007f822bedc000 JavaThread "Thread-87" daemon [_thread_in_native, id=84491, stack(0x0000700012d8b000,0x0000700012e8b000)]
  0x00007f82301e3800 JavaThread "Thread-86" daemon [_thread_in_native, id=84011, stack(0x0000700012c88000,0x0000700012d88000)]
  0x00007f8229c77000 JavaThread "Thread-85" daemon [_thread_blocked, id=45063, stack(0x0000700012b85000,0x0000700012c85000)]
  0x00007f822db20000 JavaThread "Thread-84" daemon [_thread_in_native, id=47691, stack(0x0000700012a82000,0x0000700012b82000)]
  0x00007f8229c76800 JavaThread "Thread-83" daemon [_thread_in_native, id=83215, stack(0x000070001297f000,0x0000700012a7f000)]
  0x00007f823058d800 JavaThread "Thread-82" daemon [_thread_blocked, id=47879, stack(0x000070001287c000,0x000070001297c000)]
  0x00007f82306d1800 JavaThread "Thread-81" daemon [_thread_in_native, id=48703, stack(0x0000700012779000,0x0000700012879000)]
  0x00007f822db1f000 JavaThread "Thread-80" daemon [_thread_in_native, id=81683, stack(0x0000700012676000,0x0000700012776000)]
  0x00007f823058d000 JavaThread "Thread-79" daemon [_thread_blocked, id=80715, stack(0x0000700012573000,0x0000700012673000)]
  0x00007f8229bcc800 JavaThread "Thread-78" daemon [_thread_in_native, id=82187, stack(0x0000700012470000,0x0000700012570000)]
  0x00007f822d940800 JavaThread "Thread-77" daemon [_thread_in_native, id=46911, stack(0x000070001236d000,0x000070001246d000)]
  0x00007f823058c000 JavaThread "Thread-76" daemon [_thread_blocked, id=48135, stack(0x000070001226a000,0x000070001236a000)]
  0x00007f822867f000 JavaThread "Thread-75" daemon [_thread_in_native, id=80139, stack(0x0000700012167000,0x0000700012267000)]
  0x00007f822da1f000 JavaThread "Thread-74" daemon [_thread_in_native, id=82707, stack(0x0000700012064000,0x0000700012164000)]
  0x00007f82306d2800 JavaThread "Thread-73" daemon [_thread_blocked, id=85767, stack(0x0000700011f61000,0x0000700012061000)]
  0x00007f8229bc7000 JavaThread "Thread-72" daemon [_thread_in_native, id=86027, stack(0x0000700011e5e000,0x0000700011f5e000)]
  0x00007f82306ca800 JavaThread "Thread-71" daemon [_thread_in_native, id=86299, stack(0x0000700011d5b000,0x0000700011e5b000)]
  0x00007f8230572800 JavaThread "Thread-70" daemon [_thread_blocked, id=86535, stack(0x0000700011c58000,0x0000700011d58000)]
  0x00007f8229cdd800 JavaThread "Thread-69" daemon [_thread_in_native, id=87051, stack(0x0000700011b55000,0x0000700011c55000)]
  0x00007f8229cdd000 JavaThread "Thread-68" daemon [_thread_in_native, id=43539, stack(0x0000700011a52000,0x0000700011b52000)]
  0x00007f8229973800 JavaThread "Thread-67" daemon [_thread_blocked, id=31751, stack(0x000070001194f000,0x0000700011a4f000)]
  0x00007f822dd7d000 JavaThread "Thread-66" daemon [_thread_in_native, id=32019, stack(0x000070001184c000,0x000070001194c000)]
  0x00007f822b82e000 JavaThread "Thread-65" daemon [_thread_in_native, id=31507, stack(0x0000700011749000,0x0000700011849000)]
  0x00007f822b82c800 JavaThread "Thread-64" daemon [_thread_blocked, id=31247, stack(0x0000700011646000,0x0000700011746000)]
  0x00007f822b82c000 JavaThread "Thread-63" daemon [_thread_in_native, id=33303, stack(0x0000700011543000,0x0000700011643000)]
  0x00007f82298bc800 JavaThread "Thread-62" daemon [_thread_in_native, id=33807, stack(0x0000700011440000,0x0000700011540000)]
  0x00007f822d866800 JavaThread "Thread-61" daemon [_thread_blocked, id=35379, stack(0x000070001133d000,0x000070001143d000)]
  0x00007f822b82b000 JavaThread "Thread-60" daemon [_thread_in_native, id=36447, stack(0x0000700011137000,0x0000700011237000)]
  0x00007f822dba3800 JavaThread "Thread-59" daemon [_thread_in_native, id=34623, stack(0x0000700011034000,0x0000700011134000)]
  0x00007f822b827800 JavaThread "Thread-58" daemon [_thread_blocked, id=30727, stack(0x000070001123a000,0x000070001133a000)]
  0x00007f822b827000 JavaThread "Thread-57" daemon [_thread_in_native, id=30227, stack(0x0000700010f31000,0x0000700011031000)]
  0x00007f8230570800 JavaThread "Thread-56" daemon [_thread_in_native, id=37151, stack(0x0000700010e2e000,0x0000700010f2e000)]
  0x00007f8229bc9800 JavaThread "Thread-55" daemon [_thread_blocked, id=35875, stack(0x0000700010d2b000,0x0000700010e2b000)]
  0x00007f822996f800 JavaThread "Thread-54" daemon [_thread_in_native, id=37391, stack(0x0000700010c28000,0x0000700010d28000)]
  0x00007f82306c9800 JavaThread "Thread-53" daemon [_thread_in_native, id=29463, stack(0x0000700010b25000,0x0000700010c25000)]
  0x00007f823062b800 JavaThread "Thread-52" daemon [_thread_blocked, id=37643, stack(0x0000700010a22000,0x0000700010b22000)]
  0x00007f82305a0000 JavaThread "Thread-51" daemon [_thread_in_native, id=28467, stack(0x0000700010819000,0x0000700010919000)]
  0x00007f8229660800 JavaThread "Thread-50" daemon [_thread_in_native, id=38419, stack(0x0000700010716000,0x0000700010816000)]
  0x00007f82297e6800 JavaThread "Thread-49" daemon [_thread_blocked, id=38671, stack(0x0000700010613000,0x0000700010713000)]
  0x00007f8229971000 JavaThread "Thread-48" daemon [_thread_in_native, id=26891, stack(0x0000700010510000,0x0000700010610000)]
  0x00007f82305a2000 JavaThread "Thread-47" daemon [_thread_in_native, id=22551, stack(0x000070001040d000,0x000070001050d000)]
  0x00007f822db9f000 JavaThread "Thread-46" daemon [_thread_blocked, id=42255, stack(0x0000700010204000,0x0000700010304000)]
  0x00007f822db5a800 JavaThread "Thread-45" daemon [_thread_in_native, id=86795, stack(0x000070000f3da000,0x000070000f4da000)]
  0x00007f82298ce800 JavaThread "Thread-44" daemon [_thread_in_native, id=49163, stack(0x000070000f1d4000,0x000070000f2d4000)]
  0x00007f82300f4000 JavaThread "AWT-AppKit" daemon [_thread_in_native, id=775, stack(0x00007ffee7452000,0x00007ffee7c52000)]
  0x00007f822b824800 JavaThread "EventMgr Dispatcher" daemon [_thread_in_native, id=39171, stack(0x000070000e42a000,0x000070000e4aa000)]
  0x00007f8228fa2800 JavaThread "DestroyJavaVM" [_thread_blocked, id=3331, stack(0x000070000db8f000,0x000070000dc8f000)]
  0x00007f82296b9000 JavaThread "http-nio-8080-Acceptor" daemon [_thread_in_native, id=26115, stack(0x0000700010101000,0x0000700010201000)]
  0x00007f8229679800 JavaThread "http-nio-8080-ClientPoller" daemon [_thread_in_native, id=25603, stack(0x000070000fffe000,0x00007000100fe000)]
  0x00007f8228db7000 JavaThread "http-nio-8080-exec-10" daemon [_thread_blocked, id=25347, stack(0x000070000fefb000,0x000070000fffb000)]
  0x00007f8230588000 JavaThread "http-nio-8080-exec-9" daemon [_thread_blocked, id=25091, stack(0x000070000fdf8000,0x000070000fef8000)]
  0x00007f8228db6000 JavaThread "http-nio-8080-exec-8" daemon [_thread_blocked, id=39939, stack(0x000070000fcf5000,0x000070000fdf5000)]
  0x00007f8228db5800 JavaThread "http-nio-8080-exec-7" daemon [_thread_blocked, id=24579, stack(0x000070000fbf2000,0x000070000fcf2000)]
  0x00007f8228db4800 JavaThread "http-nio-8080-exec-6" daemon [_thread_blocked, id=24323, stack(0x000070000faef000,0x000070000fbef000)]
  0x00007f8230587000 JavaThread "http-nio-8080-exec-5" daemon [_thread_blocked, id=24067, stack(0x000070000f9ec000,0x000070000faec000)]
  0x00007f8230585800 JavaThread "http-nio-8080-exec-4" daemon [_thread_blocked, id=41219, stack(0x000070000f8e9000,0x000070000f9e9000)]
  0x00007f8228e15800 JavaThread "http-nio-8080-exec-3" daemon [_thread_blocked, id=41731, stack(0x000070000f7e6000,0x000070000f8e6000)]
  0x00007f8228e18000 JavaThread "http-nio-8080-exec-2" daemon [_thread_blocked, id=23811, stack(0x000070000f6e3000,0x000070000f7e3000)]
  0x00007f8228db0000 JavaThread "http-nio-8080-exec-1" daemon [_thread_blocked, id=23299, stack(0x000070000f5e0000,0x000070000f6e0000)]
  0x00007f82282e8800 JavaThread "http-nio-8080-BlockPoller" daemon [_thread_in_native, id=22787, stack(0x000070000f4dd000,0x000070000f5dd000)]
  0x00007f8229d07000 JavaThread "HikariPool-1 housekeeper" daemon [_thread_blocked, id=42499, stack(0x000070000f2d7000,0x000070000f3d7000)]
  0x00007f822e942800 JavaThread "mysql-cj-abandoned-connection-cleanup" daemon [_thread_blocked, id=43267, stack(0x000070000f0d1000,0x000070000f1d1000)]
  0x00007f8230573000 JavaThread "container-0" [_thread_blocked, id=16131, stack(0x000070000efce000,0x000070000f0ce000)]
  0x00007f822fdd4000 JavaThread "Catalina-utility-2" [_thread_blocked, id=16395, stack(0x000070000eecb000,0x000070000efcb000)]
  0x00007f822be8d000 JavaThread "Catalina-utility-1" [_thread_blocked, id=12555, stack(0x000070000edc8000,0x000070000eec8000)]
  0x00007f82298c2800 JavaThread "Service Thread" daemon [_thread_blocked, id=17155, stack(0x000070000ebc2000,0x000070000ecc2000)]
  0x00007f8228951000 JavaThread "C1 CompilerThread2" daemon [_thread_blocked, id=17411, stack(0x000070000eabf000,0x000070000ebbf000)]
  0x00007f82282ee000 JavaThread "C2 CompilerThread1" daemon [_thread_blocked, id=14851, stack(0x000070000e9bc000,0x000070000eabc000)]
  0x00007f8229095800 JavaThread "C2 CompilerThread0" daemon [_thread_blocked, id=14339, stack(0x000070000e8b9000,0x000070000e9b9000)]
  0x00007f8228026000 JavaThread "JDWP Command Reader" daemon [_thread_in_native, id=18179, stack(0x000070000e7b6000,0x000070000e8b6000)]
  0x00007f8228008800 JavaThread "JDWP Event Helper Thread" daemon [_thread_blocked, id=18691, stack(0x000070000e6b3000,0x000070000e7b3000)]
  0x00007f822984e800 JavaThread "JDWP Transport Listener: dt_socket" daemon [_thread_blocked, id=13831, stack(0x000070000e5b0000,0x000070000e6b0000)]
  0x00007f822882b000 JavaThread "Signal Dispatcher" daemon [_thread_blocked, id=13315, stack(0x000070000e4ad000,0x000070000e5ad000)]
  0x00007f822900e000 JavaThread "Finalizer" daemon [_thread_blocked, id=20995, stack(0x000070000e2a4000,0x000070000e3a4000)]
  0x00007f8228823800 JavaThread "Reference Handler" daemon [_thread_blocked, id=21251, stack(0x000070000e1a1000,0x000070000e2a1000)]

Other Threads:
  0x00007f8229836800 VMThread [stack: 0x000070000e09e000,0x000070000e19e000] [id=11267]
  0x00007f8229094000 WatcherThread [stack: 0x000070000ecc5000,0x000070000edc5000] [id=15363]

VM state:not at safepoint (normal execution)

VM Mutex/Monitor currently owned by a thread: None

Heap:
 PSYoungGen      total 393728K, used 175438K [0x0000000740000000, 0x0000000759b80000, 0x00000007c0000000)
  eden space 377856K, 42% used [0x0000000740000000,0x0000000749c3fad8,0x0000000757100000)
  from space 15872K, 97% used [0x0000000758280000,0x0000000759194050,0x0000000759200000)
  to   space 9728K, 0% used [0x0000000759200000,0x0000000759200000,0x0000000759b80000)
 ParOldGen       total 279040K, used 25060K [0x0000000640000000, 0x0000000651080000, 0x0000000740000000)
  object space 279040K, 8% used [0x0000000640000000,0x00000006418791e0,0x0000000651080000)
 Metaspace       used 67697K, capacity 71908K, committed 72192K, reserved 1112064K
  class space    used 8908K, capacity 9634K, committed 9728K, reserved 1048576K

Card table byte_map: [0x0000000109c7b000,0x000000010a87c000] byte_map_base: 0x0000000106a7b000

Marking Bits: (ParMarkBitMap*) 0x00000001090f35d0
 Begin Bits: [0x00000001228de000, 0x00000001288de000)
 End Bits:   [0x00000001288de000, 0x000000012e8de000)

Polling page: 0x0000000107fe7000

CodeCache: size=245760Kb used=22630Kb max_used=22641Kb free=223129Kb
 bounds [0x00000001138de000, 0x0000000114f1e000, 0x00000001228de000]
 total_blobs=7280 nmethods=6697 adapters=503
 compilation: enabled

Compilation events (10 events):
Event: 9675.808 Thread 0x00007f8228951000 8072       3       java.util.ArrayList::listIterator (10 bytes)
Event: 9675.808 Thread 0x00007f8228951000 nmethod 8072 0x00000001145bbf50 code [0x00000001145bc0e0, 0x00000001145bc450]
Event: 9675.809 Thread 0x00007f8228951000 8073       1       java.util.concurrent.atomic.AtomicInteger::incrementAndGet (14 bytes)
Event: 9675.809 Thread 0x00007f8228951000 nmethod 8073 0x00000001143d7610 code [0x00000001143d7760, 0x00000001143d7870]
Event: 9707.876 Thread 0x00007f8228951000 8074       3       org.apache.tomcat.util.http.parser.Cookie$ByteBuffer::<init> (27 bytes)
Event: 9707.877 Thread 0x00007f8228951000 nmethod 8074 0x00000001143d71d0 code [0x00000001143d7340, 0x00000001143d7530]
Event: 9707.892 Thread 0x00007f8228951000 8075       3       org.apache.tomcat.util.http.fileupload.util.FileItemHeadersImpl::getHeader (40 bytes)
Event: 9707.892 Thread 0x00007f8228951000 nmethod 8075 0x00000001143d6850 code [0x00000001143d6a00, 0x00000001143d7008]
Event: 9707.892 Thread 0x00007f8228951000 8076       1       sun.nio.fs.UnixFileSystem::needToResolveAgainstDefaultDirectory (5 bytes)
Event: 9707.892 Thread 0x00007f8228951000 nmethod 8076 0x00000001143d6590 code [0x00000001143d66e0, 0x00000001143d67f0]

GC Heap History (10 events):
Event: 6.931 GC heap before
{Heap before GC invocations=8 (full 2):
 PSYoungGen      total 288256K, used 9445K [0x0000000740000000, 0x0000000754680000, 0x00000007c0000000)
  eden space 273408K, 0% used [0x0000000740000000,0x0000000740000000,0x0000000750b00000)
  from space 14848K, 63% used [0x0000000751900000,0x0000000752239438,0x0000000752780000)
  to   space 14336K, 0% used [0x0000000750b00000,0x0000000750b00000,0x0000000751900000)
 ParOldGen       total 132096K, used 6073K [0x0000000640000000, 0x0000000648100000, 0x0000000740000000)
  object space 132096K, 4% used [0x0000000640000000,0x00000006405ee508,0x0000000648100000)
 Metaspace       used 33353K, capacity 35298K, committed 35496K, reserved 1081344K
  class space    used 4168K, capacity 4503K, committed 4608K, reserved 1048576K
Event: 7.001 GC heap after
Heap after GC invocations=8 (full 2):
 PSYoungGen      total 288256K, used 0K [0x0000000740000000, 0x0000000754680000, 0x00000007c0000000)
  eden space 273408K, 0% used [0x0000000740000000,0x0000000740000000,0x0000000750b00000)
  from space 14848K, 0% used [0x0000000751900000,0x0000000751900000,0x0000000752780000)
  to   space 14336K, 0% used [0x0000000750b00000,0x0000000750b00000,0x0000000751900000)
 ParOldGen       total 200192K, used 13566K [0x0000000640000000, 0x000000064c380000, 0x0000000740000000)
  object space 200192K, 6% used [0x0000000640000000,0x0000000640d3fb28,0x000000064c380000)
 Metaspace       used 33353K, capacity 35298K, committed 35496K, reserved 1081344K
  class space    used 4168K, capacity 4503K, committed 4608K, reserved 1048576K
}
Event: 11.652 GC heap before
{Heap before GC invocations=9 (full 2):
 PSYoungGen      total 288256K, used 273408K [0x0000000740000000, 0x0000000754680000, 0x00000007c0000000)
  eden space 273408K, 100% used [0x0000000740000000,0x0000000750b00000,0x0000000750b00000)
  from space 14848K, 0% used [0x0000000751900000,0x0000000751900000,0x0000000752780000)
  to   space 14336K, 0% used [0x0000000750b00000,0x0000000750b00000,0x0000000751900000)
 ParOldGen       total 200192K, used 13566K [0x0000000640000000, 0x000000064c380000, 0x0000000740000000)
  object space 200192K, 6% used [0x0000000640000000,0x0000000640d3fb28,0x000000064c380000)
 Metaspace       used 49382K, capacity 51778K, committed 51968K, reserved 1093632K
  class space    used 6418K, capacity 6819K, committed 6912K, reserved 1048576K
Event: 11.668 GC heap after
Heap after GC invocations=9 (full 2):
 PSYoungGen      total 287744K, used 14308K [0x0000000740000000, 0x000000075ad80000, 0x00000007c0000000)
  eden space 273408K, 0% used [0x0000000740000000,0x0000000740000000,0x0000000750b00000)
  from space 14336K, 99% used [0x0000000750b00000,0x00000007518f9128,0x0000000751900000)
  to   space 18944K, 0% used [0x0000000759b00000,0x0000000759b00000,0x000000075ad80000)
 ParOldGen       total 200192K, used 19067K [0x0000000640000000, 0x000000064c380000, 0x0000000740000000)
  object space 200192K, 9% used [0x0000000640000000,0x000000064129eed0,0x000000064c380000)
 Metaspace       used 49382K, capacity 51778K, committed 51968K, reserved 1093632K
  class space    used 6418K, capacity 6819K, committed 6912K, reserved 1048576K
}
Event: 15.707 GC heap before
{Heap before GC invocations=10 (full 2):
 PSYoungGen      total 287744K, used 129299K [0x0000000740000000, 0x000000075ad80000, 0x00000007c0000000)
  eden space 273408K, 42% used [0x0000000740000000,0x000000074704be78,0x0000000750b00000)
  from space 14336K, 99% used [0x0000000750b00000,0x00000007518f9128,0x0000000751900000)
  to   space 18944K, 0% used [0x0000000759b00000,0x0000000759b00000,0x000000075ad80000)
 ParOldGen       total 200192K, used 19067K [0x0000000640000000, 0x000000064c380000, 0x0000000740000000)
  object space 200192K, 9% used [0x0000000640000000,0x000000064129eed0,0x000000064c380000)
 Metaspace       used 55537K, capacity 59016K, committed 59136K, reserved 1099776K
  class space    used 7465K, capacity 8072K, committed 8192K, reserved 1048576K
Event: 15.723 GC heap after
Heap after GC invocations=10 (full 2):
 PSYoungGen      total 404480K, used 14480K [0x0000000740000000, 0x000000075a980000, 0x00000007c0000000)
  eden space 389632K, 0% used [0x0000000740000000,0x0000000740000000,0x0000000757c80000)
  from space 14848K, 97% used [0x0000000759b00000,0x000000075a9240e0,0x000000075a980000)
  to   space 19968K, 0% used [0x0000000758280000,0x0000000758280000,0x0000000759600000)
 ParOldGen       total 200192K, used 19075K [0x0000000640000000, 0x000000064c380000, 0x0000000740000000)
  object space 200192K, 9% used [0x0000000640000000,0x00000006412a0ed0,0x000000064c380000)
 Metaspace       used 55537K, capacity 59016K, committed 59136K, reserved 1099776K
  class space    used 7465K, capacity 8072K, committed 8192K, reserved 1048576K
}
Event: 15.723 GC heap before
{Heap before GC invocations=11 (full 3):
 PSYoungGen      total 404480K, used 14480K [0x0000000740000000, 0x000000075a980000, 0x00000007c0000000)
  eden space 389632K, 0% used [0x0000000740000000,0x0000000740000000,0x0000000757c80000)
  from space 14848K, 97% used [0x0000000759b00000,0x000000075a9240e0,0x000000075a980000)
  to   space 19968K, 0% used [0x0000000758280000,0x0000000758280000,0x0000000759600000)
 ParOldGen       total 200192K, used 19075K [0x0000000640000000, 0x000000064c380000, 0x0000000740000000)
  object space 200192K, 9% used [0x0000000640000000,0x00000006412a0ed0,0x000000064c380000)
 Metaspace       used 55537K, capacity 59016K, committed 59136K, reserved 1099776K
  class space    used 7465K, capacity 8072K, committed 8192K, reserved 1048576K
Event: 15.839 GC heap after
Heap after GC invocations=11 (full 3):
 PSYoungGen      total 404480K, used 0K [0x0000000740000000, 0x000000075a980000, 0x00000007c0000000)
  eden space 389632K, 0% used [0x0000000740000000,0x0000000740000000,0x0000000757c80000)
  from space 14848K, 0% used [0x0000000759b00000,0x0000000759b00000,0x000000075a980000)
  to   space 19968K, 0% used [0x0000000758280000,0x0000000758280000,0x0000000759600000)
 ParOldGen       total 279040K, used 25052K [0x0000000640000000, 0x0000000651080000, 0x0000000740000000)
  object space 279040K, 8% used [0x0000000640000000,0x00000006418771e0,0x0000000651080000)
 Metaspace       used 55537K, capacity 59016K, committed 59136K, reserved 1099776K
  class space    used 7465K, capacity 8072K, committed 8192K, reserved 1048576K
}
Event: 6677.275 GC heap before
{Heap before GC invocations=12 (full 3):
 PSYoungGen      total 404480K, used 389632K [0x0000000740000000, 0x000000075a980000, 0x00000007c0000000)
  eden space 389632K, 100% used [0x0000000740000000,0x0000000757c80000,0x0000000757c80000)
  from space 14848K, 0% used [0x0000000759b00000,0x0000000759b00000,0x000000075a980000)
  to   space 19968K, 0% used [0x0000000758280000,0x0000000758280000,0x0000000759600000)
 ParOldGen       total 279040K, used 25052K [0x0000000640000000, 0x0000000651080000, 0x0000000740000000)
  object space 279040K, 8% used [0x0000000640000000,0x00000006418771e0,0x0000000651080000)
 Metaspace       used 67062K, capacity 71282K, committed 71424K, reserved 1112064K
  class space    used 8897K, capacity 9615K, committed 9728K, reserved 1048576K
Event: 6677.293 GC heap after
Heap after GC invocations=12 (full 3):
 PSYoungGen      total 393728K, used 15440K [0x0000000740000000, 0x0000000759b80000, 0x00000007c0000000)
  eden space 377856K, 0% used [0x0000000740000000,0x0000000740000000,0x0000000757100000)
  from space 15872K, 97% used [0x0000000758280000,0x0000000759194050,0x0000000759200000)
  to   space 9728K, 0% used [0x0000000759200000,0x0000000759200000,0x0000000759b80000)
 ParOldGen       total 279040K, used 25060K [0x0000000640000000, 0x0000000651080000, 0x0000000740000000)
  object space 279040K, 8% used [0x0000000640000000,0x00000006418791e0,0x0000000651080000)
 Metaspace       used 67062K, capacity 71282K, committed 71424K, reserved 1112064K
  class space    used 8897K, capacity 9615K, committed 9728K, reserved 1048576K
}

Deoptimization events (10 events):
Event: 1891.568 Thread 0x00007f8228db4800 Uncommon trap: reason=null_check action=make_not_entrant pc=0x0000000113bca25c method=java.io.ObjectInputStream.readClassDesc(Z)Ljava/io/ObjectStreamClass; @ 56
Event: 1891.575 Thread 0x00007f8228db4800 Uncommon trap: reason=speculate_class_check action=maybe_recompile pc=0x0000000114c00d40 method=org.apache.commons.beanutils.converters.AbstractConverter.convert(Ljava/lang/Class;Ljava/lang/Object;)Ljava/lang/Object; @ 136
Event: 2041.980 Thread 0x00007f8230588000 Uncommon trap: reason=class_check action=maybe_recompile pc=0x0000000113c2e8d8 method=org.springframework.transaction.interceptor.AbstractFallbackTransactionAttributeSource.getTransactionAttribute(Ljava/lang/reflect/Method;Ljava/lang/Class;)Lorg/springfra
Event: 2042.004 Thread 0x00007f8230588000 Uncommon trap: reason=speculate_class_check action=maybe_recompile pc=0x0000000114c00d40 method=org.apache.commons.beanutils.converters.AbstractConverter.convert(Ljava/lang/Class;Ljava/lang/Object;)Ljava/lang/Object; @ 136
Event: 2536.033 Thread 0x00007f8228db5800 Uncommon trap: reason=unstable_if action=reinterpret pc=0x0000000113e51ef0 method=java.lang.ClassLoader.checkName(Ljava/lang/String;)Z @ 8
Event: 2536.033 Thread 0x00007f8228db5800 Uncommon trap: reason=unstable_if action=reinterpret pc=0x00000001147c72a8 method=java.io.UnixFileSystem.getBooleanAttributes(Ljava/io/File;)I @ 25
Event: 7995.961 Thread 0x00007f82282e8800 Uncommon trap: reason=unstable_if action=reinterpret pc=0x0000000114c8897c method=java.util.concurrent.locks.AbstractQueuedSynchronizer.doReleaseShared()V @ 24
Event: 8300.033 Thread 0x00007f8228db7000 Uncommon trap: reason=predicate action=maybe_recompile pc=0x0000000114e189b8 method=java.util.Arrays.fill([Ljava/lang/Object;IILjava/lang/Object;)V @ 16
Event: 8300.033 Thread 0x00007f8228db7000 Uncommon trap: reason=array_check action=maybe_recompile pc=0x0000000114de345c method=java.util.Arrays.fill([Ljava/lang/Object;IILjava/lang/Object;)V @ 20
Event: 8785.748 Thread 0x00007f8230588000 Uncommon trap: reason=unstable_if action=reinterpret pc=0x0000000114e4f4b8 method=org.apache.tomcat.util.http.fileupload.ThresholdingOutputStream.checkThreshold(I)V @ 20

Internal exceptions (10 events):
Event: 9591.303 Thread 0x00007f8228e18000 Exception <a 'java/lang/ClassNotFoundException': > (0x0000000747955cb0) thrown at [/Users/java_re/workspace/8-2-build-macosx-x86_64/jdk8u144/9417/hotspot/src/share/vm/prims/jni.cpp, line 735]
Event: 9640.155 Thread 0x00007f8228db7000 Exception <a 'sun/nio/fs/UnixException'> (0x00000007496c4ee8) thrown at [/Users/java_re/workspace/8-2-build-macosx-x86_64/jdk8u144/9417/hotspot/src/share/vm/prims/jni.cpp, line 709]
Event: 9647.203 Thread 0x00007f8228db7000 Exception <a 'com/mathworks/mvm/exec/MvmExecutionException'> (0x00000007496e17a8) thrown at [/Users/java_re/workspace/8-2-build-macosx-x86_64/jdk8u144/9417/hotspot/src/share/vm/prims/jni.cpp, line 709]
Event: 9647.205 Thread 0x00007f8228db7000 Exception <a 'java/lang/ClassNotFoundException': > (0x00000007496e6cd8) thrown at [/Users/java_re/workspace/8-2-build-macosx-x86_64/jdk8u144/9417/hotspot/src/share/vm/prims/jni.cpp, line 735]
Event: 9647.205 Thread 0x00007f8228db7000 Exception <a 'java/lang/ClassNotFoundException': > (0x00000007496e8348) thrown at [/Users/java_re/workspace/8-2-build-macosx-x86_64/jdk8u144/9417/hotspot/src/share/vm/prims/jni.cpp, line 735]
Event: 9668.549 Thread 0x00007f8230585800 Exception <a 'sun/nio/fs/UnixException'> (0x00000007469d3558) thrown at [/Users/java_re/workspace/8-2-build-macosx-x86_64/jdk8u144/9417/hotspot/src/share/vm/prims/jni.cpp, line 709]
Event: 9675.805 Thread 0x00007f8230585800 Exception <a 'com/mathworks/mvm/exec/MvmExecutionException'> (0x00000007469efe18) thrown at [/Users/java_re/workspace/8-2-build-macosx-x86_64/jdk8u144/9417/hotspot/src/share/vm/prims/jni.cpp, line 709]
Event: 9675.806 Thread 0x00007f8230585800 Exception <a 'java/lang/ClassNotFoundException': > (0x00000007469f52a8) thrown at [/Users/java_re/workspace/8-2-build-macosx-x86_64/jdk8u144/9417/hotspot/src/share/vm/prims/jni.cpp, line 735]
Event: 9675.807 Thread 0x00007f8230585800 Exception <a 'java/lang/ClassNotFoundException': > (0x00000007469f6918) thrown at [/Users/java_re/workspace/8-2-build-macosx-x86_64/jdk8u144/9417/hotspot/src/share/vm/prims/jni.cpp, line 735]
Event: 9707.892 Thread 0x00007f8230587000 Exception <a 'sun/nio/fs/UnixException'> (0x0000000749152498) thrown at [/Users/java_re/workspace/8-2-build-macosx-x86_64/jdk8u144/9417/hotspot/src/share/vm/prims/jni.cpp, line 709]

Events (10 events):
Event: 9675.806 Thread 0x00007f8230585800 DEOPT UNPACKING pc=0x0000000113925633 sp=0x000070000f9e7cc8 mode 1
Event: 9675.806 Thread 0x00007f8230585800 DEOPT PACKING pc=0x0000000113aeeb44 sp=0x000070000f9e8000
Event: 9675.806 Thread 0x00007f8230585800 DEOPT UNPACKING pc=0x0000000113925633 sp=0x000070000f9e7d70 mode 1
Event: 9675.806 Thread 0x00007f8230585800 DEOPT PACKING pc=0x0000000113ab012c sp=0x000070000f9e80b0
Event: 9675.806 Thread 0x00007f8230585800 DEOPT UNPACKING pc=0x0000000113925633 sp=0x000070000f9e7e00 mode 1
Event: 9675.806 Thread 0x00007f8230585800 DEOPT PACKING pc=0x000000011497b7d4 sp=0x000070000f9e7540
Event: 9675.806 Thread 0x00007f8230585800 DEOPT UNPACKING pc=0x0000000113925633 sp=0x000070000f9e7278 mode 1
Event: 9675.807 Thread 0x00007f8230585800 DEOPT PACKING pc=0x0000000113eca4dc sp=0x000070000f9e7750
Event: 9675.807 Thread 0x00007f8230585800 DEOPT UNPACKING pc=0x0000000113925633 sp=0x000070000f9e74c8 mode 1
Event: 9707.896 Thread 0x00007f82301c5000 Thread added: 0x00007f82301c5000


Dynamic libraries:
0x0000000008ced000 	/System/Library/Frameworks/Cocoa.framework/Versions/A/Cocoa
0x0000000008ced000 	/System/Library/Frameworks/Security.framework/Versions/A/Security
0x0000000008ced000 	/System/Library/Frameworks/ApplicationServices.framework/Versions/A/ApplicationServices
0x0000000008ced000 	/usr/lib/libz.1.dylib
0x0000000008ced000 	/usr/lib/libSystem.B.dylib
0x0000000008ced000 	/usr/lib/libobjc.A.dylib
0x0000000008ced000 	/System/Library/Frameworks/CoreFoundation.framework/Versions/A/CoreFoundation
0x0000000008ced000 	/System/Library/Frameworks/Foundation.framework/Versions/C/Foundation
0x0000000008ced000 	/System/Library/Frameworks/AppKit.framework/Versions/C/AppKit
0x0000000008ced000 	/System/Library/Frameworks/CoreData.framework/Versions/A/CoreData
0x0000000008ced000 	/System/Library/PrivateFrameworks/UIFoundation.framework/Versions/A/UIFoundation
0x0000000008ced000 	/System/Library/PrivateFrameworks/RemoteViewServices.framework/Versions/A/RemoteViewServices
0x0000000008ced000 	/System/Library/PrivateFrameworks/XCTTargetBootstrap.framework/Versions/A/XCTTargetBootstrap
0x0000000008ced000 	/System/Library/Frameworks/CoreDisplay.framework/Versions/A/CoreDisplay
0x0000000008ced000 	/System/Library/Frameworks/Metal.framework/Versions/A/Metal
0x0000000008ced000 	/System/Library/PrivateFrameworks/DesktopServicesPriv.framework/Versions/A/DesktopServicesPriv
0x0000000008ced000 	/usr/lib/liblangid.dylib
0x0000000008ced000 	/System/Library/PrivateFrameworks/CoreSVG.framework/Versions/A/CoreSVG
0x0000000008ced000 	/System/Library/PrivateFrameworks/SkyLight.framework/Versions/A/SkyLight
0x0000000008ced000 	/System/Library/Frameworks/CoreGraphics.framework/Versions/A/CoreGraphics
0x0000000008ced000 	/System/Library/Frameworks/Accelerate.framework/Versions/A/Accelerate
0x0000000008ced000 	/usr/lib/libxml2.2.dylib
0x0000000008ced000 	/System/Library/PrivateFrameworks/IconServices.framework/Versions/A/IconServices
0x0000000008ced000 	/System/Library/Frameworks/IOSurface.framework/Versions/A/IOSurface
0x0000000008ced000 	/usr/lib/libDiagnosticMessagesClient.dylib
0x0000000008ced000 	/System/Library/PrivateFrameworks/DFRFoundation.framework/Versions/A/DFRFoundation
0x0000000008ced000 	/usr/lib/libicucore.A.dylib
0x0000000008ced000 	/System/Library/Frameworks/AudioToolbox.framework/Versions/A/AudioToolbox
0x0000000008ced000 	/System/Library/Frameworks/AudioUnit.framework/Versions/A/AudioUnit
0x0000000008ced000 	/usr/lib/libauto.dylib
0x0000000008ced000 	/System/Library/PrivateFrameworks/DataDetectorsCore.framework/Versions/A/DataDetectorsCore
0x0000000008ced000 	/System/Library/Frameworks/Carbon.framework/Versions/A/Frameworks/HIToolbox.framework/Versions/A/HIToolbox
0x0000000008ced000 	/System/Library/Frameworks/QuartzCore.framework/Versions/A/QuartzCore
0x0000000008ced000 	/System/Library/Frameworks/Carbon.framework/Versions/A/Frameworks/SpeechRecognition.framework/Versions/A/SpeechRecognition
0x0000000008ced000 	/System/Library/PrivateFrameworks/CoreUI.framework/Versions/A/CoreUI
0x0000000008ced000 	/System/Library/Frameworks/CoreAudio.framework/Versions/A/CoreAudio
0x0000000008ced000 	/System/Library/Frameworks/DiskArbitration.framework/Versions/A/DiskArbitration
0x0000000008ced000 	/System/Library/PrivateFrameworks/MultitouchSupport.framework/Versions/A/MultitouchSupport
0x0000000008ced000 	/usr/lib/libenergytrace.dylib
0x0000000008ced000 	/System/Library/Frameworks/IOKit.framework/Versions/A/IOKit
0x0000000008ced000 	/System/Library/Frameworks/CoreServices.framework/Versions/A/CoreServices
0x0000000008ced000 	/System/Library/PrivateFrameworks/PerformanceAnalysis.framework/Versions/A/PerformanceAnalysis
0x0000000008ced000 	/System/Library/Frameworks/OpenGL.framework/Versions/A/OpenGL
0x0000000008ced000 	/System/Library/Frameworks/ColorSync.framework/Versions/A/ColorSync
0x0000000008ced000 	/System/Library/Frameworks/CoreImage.framework/Versions/A/CoreImage
0x0000000008ced000 	/System/Library/Frameworks/CoreText.framework/Versions/A/CoreText
0x0000000008ced000 	/System/Library/Frameworks/ImageIO.framework/Versions/A/ImageIO
0x0000000008ced000 	/usr/lib/libc++.1.dylib
0x0000000008ced000 	/usr/lib/libcompression.dylib
0x0000000008ced000 	/usr/lib/libMobileGestalt.dylib
0x0000000008ced000 	/System/Library/PrivateFrameworks/TextureIO.framework/Versions/A/TextureIO
0x0000000008ced000 	/usr/lib/libate.dylib
0x0000000008ced000 	/System/Library/PrivateFrameworks/InternationalSupport.framework/Versions/A/InternationalSupport
0x0000000008ced000 	/usr/lib/system/libcache.dylib
0x0000000008ced000 	/usr/lib/system/libcommonCrypto.dylib
0x0000000008ced000 	/usr/lib/system/libcompiler_rt.dylib
0x0000000008ced000 	/usr/lib/system/libcopyfile.dylib
0x0000000008ced000 	/usr/lib/system/libcorecrypto.dylib
0x0000000008ced000 	/usr/lib/system/libdispatch.dylib
0x0000000008ced000 	/usr/lib/system/libdyld.dylib
0x0000000008ced000 	/usr/lib/system/libkeymgr.dylib
0x0000000008ced000 	/usr/lib/system/liblaunch.dylib
0x0000000008ced000 	/usr/lib/system/libmacho.dylib
0x0000000008ced000 	/usr/lib/system/libquarantine.dylib
0x0000000008ced000 	/usr/lib/system/libremovefile.dylib
0x0000000008ced000 	/usr/lib/system/libsystem_asl.dylib
0x0000000008ced000 	/usr/lib/system/libsystem_blocks.dylib
0x0000000008ced000 	/usr/lib/system/libsystem_c.dylib
0x0000000008ced000 	/usr/lib/system/libsystem_configuration.dylib
0x0000000008ced000 	/usr/lib/system/libsystem_coreservices.dylib
0x0000000008ced000 	/usr/lib/system/libsystem_darwin.dylib
0x0000000008ced000 	/usr/lib/system/libsystem_dnssd.dylib
0x0000000008ced000 	/usr/lib/system/libsystem_featureflags.dylib
0x0000000008ced000 	/usr/lib/system/libsystem_info.dylib
0x0000000008ced000 	/usr/lib/system/libsystem_m.dylib
0x0000000008ced000 	/usr/lib/system/libsystem_malloc.dylib
0x0000000008ced000 	/usr/lib/system/libsystem_networkextension.dylib
0x0000000008ced000 	/usr/lib/system/libsystem_notify.dylib
0x0000000008ced000 	/usr/lib/system/libsystem_sandbox.dylib
0x0000000008ced000 	/usr/lib/system/libsystem_secinit.dylib
0x0000000008ced000 	/usr/lib/system/libsystem_kernel.dylib
0x0000000008ced000 	/usr/lib/system/libsystem_platform.dylib
0x0000000008ced000 	/usr/lib/system/libsystem_pthread.dylib
0x0000000008ced000 	/usr/lib/system/libsystem_symptoms.dylib
0x0000000008ced000 	/usr/lib/system/libsystem_trace.dylib
0x0000000008ced000 	/usr/lib/system/libunwind.dylib
0x0000000008ced000 	/usr/lib/system/libxpc.dylib
0x0000000008ced000 	/usr/lib/libc++abi.dylib
0x0000000008ced000 	/usr/lib/liblzma.5.dylib
0x0000000008ced000 	/usr/lib/libfakelink.dylib
0x0000000008ced000 	/usr/lib/libarchive.2.dylib
0x0000000008ced000 	/System/Library/Frameworks/SystemConfiguration.framework/Versions/A/SystemConfiguration
0x0000000008ced000 	/usr/lib/libCRFSuite.dylib
0x0000000008ced000 	/System/Library/Frameworks/CFNetwork.framework/Versions/A/CFNetwork
0x0000000008ced000 	/usr/lib/libbsm.0.dylib
0x0000000008ced000 	/usr/lib/system/libkxld.dylib
0x0000000008ced000 	/System/Library/PrivateFrameworks/AppleFSCompression.framework/Versions/A/AppleFSCompression
0x0000000008ced000 	/usr/lib/libcoretls.dylib
0x0000000008ced000 	/usr/lib/libcoretls_cfhelpers.dylib
0x0000000008ced000 	/usr/lib/libpam.2.dylib
0x0000000008ced000 	/usr/lib/libsqlite3.dylib
0x0000000008ced000 	/usr/lib/libxar.1.dylib
0x0000000008ced000 	/usr/lib/libbz2.1.0.dylib
0x0000000008ced000 	/usr/lib/libiconv.2.dylib
0x0000000008ced000 	/usr/lib/libcharset.1.dylib
0x0000000008ced000 	/usr/lib/libnetwork.dylib
0x0000000008ced000 	/usr/lib/libpcap.A.dylib
0x0000000008ced000 	/usr/lib/libapple_nghttp2.dylib
0x0000000008ced000 	/System/Library/Frameworks/CoreServices.framework/Versions/A/Frameworks/FSEvents.framework/Versions/A/FSEvents
0x0000000008ced000 	/System/Library/Frameworks/CoreServices.framework/Versions/A/Frameworks/CarbonCore.framework/Versions/A/CarbonCore
0x0000000008ced000 	/System/Library/Frameworks/CoreServices.framework/Versions/A/Frameworks/Metadata.framework/Versions/A/Metadata
0x0000000008ced000 	/System/Library/Frameworks/CoreServices.framework/Versions/A/Frameworks/OSServices.framework/Versions/A/OSServices
0x0000000008ced000 	/System/Library/Frameworks/CoreServices.framework/Versions/A/Frameworks/SearchKit.framework/Versions/A/SearchKit
0x0000000008ced000 	/System/Library/Frameworks/CoreServices.framework/Versions/A/Frameworks/AE.framework/Versions/A/AE
0x0000000008ced000 	/System/Library/Frameworks/CoreServices.framework/Versions/A/Frameworks/LaunchServices.framework/Versions/A/LaunchServices
0x0000000008ced000 	/System/Library/Frameworks/CoreServices.framework/Versions/A/Frameworks/DictionaryServices.framework/Versions/A/DictionaryServices
0x0000000008ced000 	/System/Library/Frameworks/CoreServices.framework/Versions/A/Frameworks/SharedFileList.framework/Versions/A/SharedFileList
0x0000000008ced000 	/System/Library/Frameworks/NetFS.framework/Versions/A/NetFS
0x0000000008ced000 	/System/Library/PrivateFrameworks/NetAuth.framework/Versions/A/NetAuth
0x0000000008ced000 	/System/Library/PrivateFrameworks/login.framework/Versions/A/Frameworks/loginsupport.framework/Versions/A/loginsupport
0x0000000008ced000 	/System/Library/PrivateFrameworks/TCC.framework/Versions/A/TCC
0x0000000008ced000 	/System/Library/PrivateFrameworks/CoreNLP.framework/Versions/A/CoreNLP
0x0000000008ced000 	/System/Library/PrivateFrameworks/MetadataUtilities.framework/Versions/A/MetadataUtilities
0x0000000008ced000 	/usr/lib/libmecabra.dylib
0x0000000008ced000 	/usr/lib/libmecab.dylib
0x0000000008ced000 	/usr/lib/libgermantok.dylib
0x0000000008ced000 	/usr/lib/libThaiTokenizer.dylib
0x0000000008ced000 	/usr/lib/libChineseTokenizer.dylib
0x0000000008ced000 	/System/Library/Frameworks/Accelerate.framework/Versions/A/Frameworks/vImage.framework/Versions/A/vImage
0x0000000008ced000 	/System/Library/Frameworks/Accelerate.framework/Versions/A/Frameworks/vecLib.framework/Versions/A/vecLib
0x0000000008ced000 	/System/Library/Frameworks/Accelerate.framework/Versions/A/Frameworks/vecLib.framework/Versions/A/libvMisc.dylib
0x0000000008ced000 	/System/Library/Frameworks/Accelerate.framework/Versions/A/Frameworks/vecLib.framework/Versions/A/libvDSP.dylib
0x0000000008ced000 	/System/Library/Frameworks/Accelerate.framework/Versions/A/Frameworks/vecLib.framework/Versions/A/libBLAS.dylib
0x0000000008ced000 	/System/Library/Frameworks/Accelerate.framework/Versions/A/Frameworks/vecLib.framework/Versions/A/libLAPACK.dylib
0x0000000008ced000 	/System/Library/Frameworks/Accelerate.framework/Versions/A/Frameworks/vecLib.framework/Versions/A/libLinearAlgebra.dylib
0x0000000008ced000 	/System/Library/Frameworks/Accelerate.framework/Versions/A/Frameworks/vecLib.framework/Versions/A/libSparseBLAS.dylib
0x0000000008ced000 	/System/Library/Frameworks/Accelerate.framework/Versions/A/Frameworks/vecLib.framework/Versions/A/libQuadrature.dylib
0x0000000008ced000 	/System/Library/Frameworks/Accelerate.framework/Versions/A/Frameworks/vecLib.framework/Versions/A/libBNNS.dylib
0x0000000008ced000 	/System/Library/Frameworks/Accelerate.framework/Versions/A/Frameworks/vecLib.framework/Versions/A/libSparse.dylib
0x0000000008ced000 	/System/Library/PrivateFrameworks/LanguageModeling.framework/Versions/A/LanguageModeling
0x0000000008ced000 	/System/Library/PrivateFrameworks/CoreEmoji.framework/Versions/A/CoreEmoji
0x0000000008ced000 	/System/Library/PrivateFrameworks/LinguisticData.framework/Versions/A/LinguisticData
0x0000000008ced000 	/System/Library/PrivateFrameworks/Lexicon.framework/Versions/A/Lexicon
0x0000000008ced000 	/usr/lib/libcmph.dylib
0x0000000008ced000 	/System/Library/Frameworks/OpenDirectory.framework/Versions/A/Frameworks/CFOpenDirectory.framework/Versions/A/CFOpenDirectory
0x0000000008ced000 	/System/Library/Frameworks/OpenDirectory.framework/Versions/A/OpenDirectory
0x0000000008ced000 	/System/Library/PrivateFrameworks/APFS.framework/Versions/A/APFS
0x0000000008ced000 	/System/Library/Frameworks/SecurityFoundation.framework/Versions/A/SecurityFoundation
0x0000000008ced000 	/usr/lib/libutil.dylib
0x0000000008ced000 	/System/Library/PrivateFrameworks/CoreServicesStore.framework/Versions/A/CoreServicesStore
0x0000000008ced000 	/System/Library/Frameworks/ServiceManagement.framework/Versions/A/ServiceManagement
0x0000000008ced000 	/System/Library/PrivateFrameworks/BackgroundTaskManagement.framework/Versions/A/BackgroundTaskManagement
0x0000000008ced000 	/usr/lib/libxslt.1.dylib
0x0000000008ced000 	/System/Library/PrivateFrameworks/AppleSystemInfo.framework/Versions/A/AppleSystemInfo
0x0000000008ced000 	/System/Library/Frameworks/ImageIO.framework/Versions/A/Resources/libJPEG.dylib
0x0000000008ced000 	/System/Library/Frameworks/ImageIO.framework/Versions/A/Resources/libTIFF.dylib
0x0000000008ced000 	/System/Library/Frameworks/ImageIO.framework/Versions/A/Resources/libPng.dylib
0x0000000008ced000 	/System/Library/Frameworks/ImageIO.framework/Versions/A/Resources/libGIF.dylib
0x0000000008ced000 	/System/Library/Frameworks/ImageIO.framework/Versions/A/Resources/libJP2.dylib
0x0000000008ced000 	/System/Library/Frameworks/ImageIO.framework/Versions/A/Resources/libRadiance.dylib
0x0000000008ced000 	/usr/lib/libexpat.1.dylib
0x0000000008ced000 	/System/Library/PrivateFrameworks/AppleJPEG.framework/Versions/A/AppleJPEG
0x0000000008ced000 	/System/Library/PrivateFrameworks/FontServices.framework/libFontParser.dylib
0x0000000008ced000 	/System/Library/PrivateFrameworks/WatchdogClient.framework/Versions/A/WatchdogClient
0x0000000008ced000 	/System/Library/PrivateFrameworks/IOAccelerator.framework/Versions/A/IOAccelerator
0x0000000008ced000 	/System/Library/Frameworks/MetalPerformanceShaders.framework/Versions/A/MetalPerformanceShaders
0x0000000008ced000 	/System/Library/PrivateFrameworks/GPUWrangler.framework/Versions/A/GPUWrangler
0x0000000008ced000 	/System/Library/PrivateFrameworks/IOPresentment.framework/Versions/A/IOPresentment
0x0000000008ced000 	/System/Library/PrivateFrameworks/DSExternalDisplay.framework/Versions/A/DSExternalDisplay
0x0000000008ced000 	/System/Library/Frameworks/OpenGL.framework/Versions/A/Libraries/libCoreFSCache.dylib
0x0000000008ced000 	/System/Library/Frameworks/MetalPerformanceShaders.framework/Frameworks/MPSCore.framework/Versions/A/MPSCore
0x0000000008ced000 	/System/Library/Frameworks/MetalPerformanceShaders.framework/Frameworks/MPSImage.framework/Versions/A/MPSImage
0x0000000008ced000 	/System/Library/Frameworks/MetalPerformanceShaders.framework/Frameworks/MPSNeuralNetwork.framework/Versions/A/MPSNeuralNetwork
0x0000000008ced000 	/System/Library/Frameworks/MetalPerformanceShaders.framework/Frameworks/MPSMatrix.framework/Versions/A/MPSMatrix
0x0000000008ced000 	/System/Library/Frameworks/MetalPerformanceShaders.framework/Frameworks/MPSRayIntersector.framework/Versions/A/MPSRayIntersector
0x0000000008ced000 	/System/Library/Frameworks/MetalPerformanceShaders.framework/Frameworks/MPSNDArray.framework/Versions/A/MPSNDArray
0x0000000008ced000 	/System/Library/PrivateFrameworks/MetalTools.framework/Versions/A/MetalTools
0x0000000008ced000 	/System/Library/PrivateFrameworks/AggregateDictionary.framework/Versions/A/AggregateDictionary
0x0000000008ced000 	/System/Library/PrivateFrameworks/CoreAnalytics.framework/Versions/A/CoreAnalytics
0x0000000008ced000 	/System/Library/PrivateFrameworks/AppleSauce.framework/Versions/A/AppleSauce
0x0000000008ced000 	/usr/lib/libIOReport.dylib
0x0000000008ced000 	/System/Library/Frameworks/CoreVideo.framework/Versions/A/CoreVideo
0x0000000008ced000 	/System/Library/PrivateFrameworks/GraphVisualizer.framework/Versions/A/GraphVisualizer
0x0000000008ced000 	/System/Library/PrivateFrameworks/FaceCore.framework/Versions/A/FaceCore
0x0000000008ced000 	/System/Library/Frameworks/OpenCL.framework/Versions/A/OpenCL
0x0000000008ced000 	/usr/lib/libFosl_dynamic.dylib
0x0000000008ced000 	/System/Library/PrivateFrameworks/OTSVG.framework/Versions/A/OTSVG
0x0000000008ced000 	/System/Library/Frameworks/ApplicationServices.framework/Versions/A/Frameworks/ATS.framework/Versions/A/Resources/libFontRegistry.dylib
0x0000000008ced000 	/System/Library/PrivateFrameworks/FontServices.framework/libhvf.dylib
0x0000000008ced000 	/System/Library/Frameworks/OpenGL.framework/Versions/A/Libraries/libGFXShared.dylib
0x0000000008ced000 	/System/Library/Frameworks/OpenGL.framework/Versions/A/Libraries/libGLU.dylib
0x0000000008ced000 	/System/Library/Frameworks/OpenGL.framework/Versions/A/Libraries/libGL.dylib
0x0000000008ced000 	/System/Library/Frameworks/OpenGL.framework/Versions/A/Libraries/libGLImage.dylib
0x0000000008ced000 	/System/Library/Frameworks/OpenGL.framework/Versions/A/Libraries/libCVMSPluginSupport.dylib
0x0000000008ced000 	/System/Library/Frameworks/OpenGL.framework/Versions/A/Libraries/libCoreVMClient.dylib
0x0000000008ced000 	/usr/lib/libncurses.5.4.dylib
0x0000000008ced000 	/System/Library/Frameworks/ApplicationServices.framework/Versions/A/Frameworks/ATS.framework/Versions/A/ATS
0x0000000008ced000 	/System/Library/Frameworks/ApplicationServices.framework/Versions/A/Frameworks/ColorSyncLegacy.framework/Versions/A/ColorSyncLegacy
0x0000000008ced000 	/System/Library/Frameworks/ApplicationServices.framework/Versions/A/Frameworks/HIServices.framework/Versions/A/HIServices
0x0000000008ced000 	/System/Library/Frameworks/ApplicationServices.framework/Versions/A/Frameworks/LangAnalysis.framework/Versions/A/LangAnalysis
0x0000000008ced000 	/System/Library/Frameworks/ApplicationServices.framework/Versions/A/Frameworks/PrintCore.framework/Versions/A/PrintCore
0x0000000008ced000 	/System/Library/Frameworks/ApplicationServices.framework/Versions/A/Frameworks/QD.framework/Versions/A/QD
0x0000000008ced000 	/System/Library/Frameworks/ApplicationServices.framework/Versions/A/Frameworks/SpeechSynthesis.framework/Versions/A/SpeechSynthesis
0x0000000008ced000 	/System/Library/Frameworks/ApplicationServices.framework/Versions/A/Frameworks/ATSUI.framework/Versions/A/ATSUI
0x0000000008ced000 	/usr/lib/libcups.2.dylib
0x0000000008ced000 	/System/Library/Frameworks/Kerberos.framework/Versions/A/Kerberos
0x0000000008ced000 	/System/Library/Frameworks/GSS.framework/Versions/A/GSS
0x0000000008ced000 	/usr/lib/libresolv.9.dylib
0x0000000008ced000 	/System/Library/PrivateFrameworks/Heimdal.framework/Versions/A/Heimdal
0x0000000008ced000 	/System/Library/Frameworks/Kerberos.framework/Versions/A/Libraries/libHeimdalProxy.dylib
0x0000000008ced000 	/usr/lib/libheimdal-asn1.dylib
0x0000000008ced000 	/System/Library/PrivateFrameworks/CommonAuth.framework/Versions/A/CommonAuth
0x0000000008ced000 	/System/Library/PrivateFrameworks/AssertionServices.framework/Versions/A/AssertionServices
0x0000000008ced000 	/System/Library/PrivateFrameworks/AudioToolboxCore.framework/Versions/A/AudioToolboxCore
0x0000000008ced000 	/System/Library/PrivateFrameworks/caulk.framework/Versions/A/caulk
0x0000000008ced000 	/System/Library/PrivateFrameworks/BaseBoard.framework/Versions/A/BaseBoard
0x0000000008ced000 	/System/Library/PrivateFrameworks/RunningBoardServices.framework/Versions/A/RunningBoardServices
0x0000000008ced000 	/System/Library/PrivateFrameworks/PersistentConnection.framework/Versions/A/PersistentConnection
0x0000000008ced000 	/System/Library/PrivateFrameworks/ProtocolBuffer.framework/Versions/A/ProtocolBuffer
0x0000000008ced000 	/System/Library/PrivateFrameworks/CommonUtilities.framework/Versions/A/CommonUtilities
0x0000000008ced000 	/System/Library/PrivateFrameworks/Bom.framework/Versions/A/Bom
0x0000000008ced000 	/usr/lib/libAudioToolboxUtility.dylib
0x0000000008ced000 	/System/Library/PrivateFrameworks/Backup.framework/Versions/A/Backup
0x0000000008ced000 	/System/Library/PrivateFrameworks/CrashReporterSupport.framework/Versions/A/CrashReporterSupport
0x0000000008ced000 	/System/Library/PrivateFrameworks/Sharing.framework/Versions/A/Sharing
0x0000000008ced000 	/System/Library/PrivateFrameworks/Apple80211.framework/Versions/A/Apple80211
0x0000000008ced000 	/System/Library/PrivateFrameworks/AuthKit.framework/Versions/A/AuthKit
0x0000000008ced000 	/System/Library/PrivateFrameworks/CoreUtils.framework/Versions/A/CoreUtils
0x0000000008ced000 	/System/Library/Frameworks/CoreWLAN.framework/Versions/A/CoreWLAN
0x0000000008ced000 	/System/Library/Frameworks/IOBluetooth.framework/Versions/A/IOBluetooth
0x0000000008ced000 	/System/Library/PrivateFrameworks/MobileKeyBag.framework/Versions/A/MobileKeyBag
0x0000000008ced000 	/System/Library/PrivateFrameworks/CorePhoneNumbers.framework/Versions/A/CorePhoneNumbers
0x0000000008ced000 	/System/Library/PrivateFrameworks/AppleIDAuthSupport.framework/Versions/A/AppleIDAuthSupport
0x0000000008ced000 	/System/Library/Frameworks/Network.framework/Versions/A/Network
0x0000000008ced000 	/System/Library/PrivateFrameworks/KeychainCircle.framework/Versions/A/KeychainCircle
0x0000000008ced000 	/System/Library/Frameworks/CoreBluetooth.framework/Versions/A/CoreBluetooth
0x0000000008ced000 	/System/Library/PrivateFrameworks/SpeechRecognitionCore.framework/Versions/A/SpeechRecognitionCore
0x0000000108800000 	/Library/Java/JavaVirtualMachines/jdk1.8.0_144.jdk/Contents/Home/jre/lib/server/libjvm.dylib
0x0000000008ced000 	/usr/lib/libstdc++.6.dylib
0x0000000107fd9000 	/Library/Java/JavaVirtualMachines/jdk1.8.0_144.jdk/Contents/Home/jre/lib/libverify.dylib
0x00000001097a7000 	/Library/Java/JavaVirtualMachines/jdk1.8.0_144.jdk/Contents/Home/jre/lib/libjava.dylib
0x00000001097dc000 	/Library/Java/JavaVirtualMachines/jdk1.8.0_144.jdk/Contents/Home/jre/lib/libjdwp.dylib
0x0000000107fe8000 	/Library/Java/JavaVirtualMachines/jdk1.8.0_144.jdk/Contents/Home/jre/lib/libnpt.dylib
0x0000000109827000 	/Library/Java/JavaVirtualMachines/jdk1.8.0_144.jdk/Contents/Home/jre/lib/libinstrument.dylib
0x0000000107ff6000 	/Library/Java/JavaVirtualMachines/jdk1.8.0_144.jdk/Contents/Home/jre/lib/libzip.dylib
0x0000000008ced000 	/System/Library/Frameworks/JavaVM.framework/Versions/A/Frameworks/JavaRuntimeSupport.framework/Versions/A/JavaRuntimeSupport
0x0000000008ced000 	/System/Library/Frameworks/JavaVM.framework/Versions/A/Frameworks/JavaNativeFoundation.framework/Versions/A/JavaNativeFoundation
0x0000000008ced000 	/System/Library/Frameworks/JavaVM.framework/Versions/A/JavaVM
0x0000000008ced000 	/System/Library/Frameworks/Carbon.framework/Versions/A/Carbon
0x0000000008ced000 	/System/Library/PrivateFrameworks/CoreSymbolication.framework/Versions/A/CoreSymbolication
0x0000000008ced000 	/System/Library/PrivateFrameworks/JavaLaunching.framework/Versions/A/JavaLaunching
0x0000000008ced000 	/System/Library/Frameworks/Carbon.framework/Versions/A/Frameworks/CommonPanels.framework/Versions/A/CommonPanels
0x0000000008ced000 	/System/Library/Frameworks/Carbon.framework/Versions/A/Frameworks/Help.framework/Versions/A/Help
0x0000000008ced000 	/System/Library/Frameworks/Carbon.framework/Versions/A/Frameworks/ImageCapture.framework/Versions/A/ImageCapture
0x0000000008ced000 	/System/Library/Frameworks/Carbon.framework/Versions/A/Frameworks/OpenScripting.framework/Versions/A/OpenScripting
0x0000000008ced000 	/System/Library/Frameworks/Carbon.framework/Versions/A/Frameworks/Ink.framework/Versions/A/Ink
0x0000000008ced000 	/System/Library/Frameworks/Carbon.framework/Versions/A/Frameworks/Print.framework/Versions/A/Print
0x0000000008ced000 	/System/Library/Frameworks/Carbon.framework/Versions/A/Frameworks/SecurityHI.framework/Versions/A/SecurityHI
0x0000000008ced000 	/System/Library/PrivateFrameworks/DebugSymbols.framework/Versions/A/DebugSymbols
0x000000010f30c000 	/Library/Java/JavaVirtualMachines/jdk1.8.0_144.jdk/Contents/Home/jre/lib/libdt_socket.dylib
0x000000010f6cf000 	/Library/Java/JavaVirtualMachines/jdk1.8.0_144.jdk/Contents/Home/jre/lib/libmanagement.dylib
0x000000010f7f9000 	/Library/Java/JavaVirtualMachines/jdk1.8.0_144.jdk/Contents/Home/jre/lib/libnet.dylib
0x000000010f8b1000 	/Library/Java/JavaVirtualMachines/jdk1.8.0_144.jdk/Contents/Home/jre/lib/libnio.dylib
0x000000010f888000 	/Library/Java/JavaVirtualMachines/jdk1.8.0_144.jdk/Contents/Home/jre/lib/libsunec.dylib
0x000000011141f000 	/Applications/Polyspace/R2019b/bin/maci64/libnativemvm.dylib
0x0000000111118000 	/Applications/Polyspace/R2019b/bin/maci64/libut.dylib
0x000000011303d000 	/Applications/Polyspace/R2019b/bin/maci64/libmwfl.dylib
0x0000000113485000 	/Applications/Polyspace/R2019b/bin/maci64/libmwms.dylib
0x000000010f757000 	/Applications/Polyspace/R2019b/bin/maci64/libmwmsr.dylib
0x000000012e8de000 	/Applications/Polyspace/R2019b/bin/maci64/libmwservices.dylib
0x000000012ec59000 	/Applications/Polyspace/R2019b/bin/maci64/libmx.dylib
0x000000012f289000 	/Applications/Polyspace/R2019b/bin/maci64/libmwmlutil.dylib
0x000000012f99f000 	/Applications/Polyspace/R2019b/bin/maci64/libmwmvm.dylib
0x000000012ee48000 	/Applications/Polyspace/R2019b/bin/maci64/libmwjmi.dylib
0x0000000111b27000 	/Applications/Polyspace/R2019b/bin/maci64/libmwi18n.dylib
0x000000010f786000 	/Applications/Polyspace/R2019b/bin/maci64/libmwfoundation_usm.dylib
0x000000010f300000 	/Applications/Polyspace/R2019b/bin/maci64/libmwcapabilities.dylib
0x000000012fc8f000 	/Applications/Polyspace/R2019b/bin/maci64/libmwfoundation_matlabdata.dylib
0x0000000112092000 	/Applications/Polyspace/R2019b/bin/maci64/libmwfoundation_matlabdata_standalone.dylib
0x000000010f706000 	/Applications/Polyspace/R2019b/bin/maci64/libmwboost_system.dylib
0x000000010f7ae000 	/Applications/Polyspace/R2019b/bin/maci64/libmwcpp11compat.dylib
0x00000001131d2000 	/Applications/Polyspace/R2019b/bin/maci64/libmwboost_log.dylib
0x000000010f72e000 	/Applications/Polyspace/R2019b/bin/maci64/libmwboost_thread.dylib
0x0000000112552000 	/Applications/Polyspace/R2019b/bin/maci64/libtbb.dylib
0x000000010f821000 	/Applications/Polyspace/R2019b/bin/maci64/libmwboost_filesystem.dylib
0x000000012fde2000 	/Applications/Polyspace/R2019b/bin/maci64/libicuuc.61.1.dylib
0x000000010f7ce000 	/Applications/Polyspace/R2019b/bin/maci64/libicuio.61.1.dylib
0x000000010f70b000 	/Applications/Polyspace/R2019b/bin/maci64/libmwresource_core.dylib
0x000000012ff88000 	/Applications/Polyspace/R2019b/bin/maci64/libicui18n.61.1.dylib
0x000000013022f000 	/Applications/Polyspace/R2019b/bin/maci64/libicudata.61.1.dylib
0x0000000131bd5000 	/Applications/Polyspace/R2019b/bin/maci64/libcrypto.1.1.dylib
0x000000010f7ef000 	/Applications/Polyspace/R2019b/bin/maci64/libmwboost_date_time.dylib
0x000000010f970000 	/Applications/Polyspace/R2019b/bin/maci64/libmwboost_serialization.dylib
0x000000010f70e000 	/Applications/Polyspace/R2019b/bin/maci64/libmwboost_atomic.dylib
0x000000010f839000 	/Applications/Polyspace/R2019b/bin/maci64/libmwboost_chrono.dylib
0x0000000131e44000 	/Applications/Polyspace/R2019b/bin/maci64/libmwboost_regex.dylib
0x000000010fbe3000 	/Applications/Polyspace/R2019b/bin/maci64/libmwlivecode.dylib
0x000000010f8c1000 	/Applications/Polyspace/R2019b/bin/maci64/libmwcppmicroservices.dylib
0x0000000110517000 	/Applications/Polyspace/R2019b/bin/maci64/libmwregexp.dylib
0x000000010f9ab000 	/Applications/Polyspace/R2019b/bin/maci64/libmwsearch_path_utilities.dylib
0x0000000131f4a000 	/Applications/Polyspace/R2019b/bin/maci64/libmwflstoragevfs.dylib
0x000000011371f000 	/Applications/Polyspace/R2019b/bin/maci64/libmwcwf_interface.dylib
0x000000010f882000 	/Applications/Polyspace/R2019b/bin/maci64/libmwmatlabstoragesystem.dylib
0x0000000110a34000 	/Applications/Polyspace/R2019b/bin/maci64/libmwflstorageprovider.dylib
0x000000010f9d8000 	/Applications/Polyspace/R2019b/bin/maci64/libmwflstorageutility.dylib
0x0000000110989000 	/Applications/Polyspace/R2019b/bin/maci64/libmwrelease_info.dylib
0x000000013202e000 	/Applications/Polyspace/R2019b/bin/maci64/libmwsettingscore.dylib
0x000000012efe4000 	/Applications/Polyspace/R2019b/bin/maci64/libmwopccore.dylib
0x00000001323a7000 	/Applications/Polyspace/R2019b/bin/maci64/libmwopcmodel.dylib
0x00000001111b0000 	/Applications/Polyspace/R2019b/bin/maci64/libmwopczippackage.dylib
0x00000001111d3000 	/Applications/Polyspace/R2019b/bin/maci64/libmwstring_matrix.dylib
0x000000010f7dc000 	/Applications/Polyspace/R2019b/bin/maci64/libmwkeybrd.dylib
0x000000010fc26000 	/Applications/Polyspace/R2019b/bin/maci64/libmwboost_iostreams.dylib
0x0000000132486000 	/Applications/Polyspace/R2019b/bin/maci64/libCppMicroServices.3.3.4.dylib
0x0000000111c3b000 	/Applications/Polyspace/R2019b/bin/maci64/libmwmfl_permute.dylib
0x000000010feab000 	/Applications/Polyspace/R2019b/bin/maci64/libmwindexingapimethods.dylib
0x0000000112de0000 	/Applications/Polyspace/R2019b/bin/maci64/libtbbmalloc.dylib
0x0000000132589000 	/Applications/Polyspace/R2019b/bin/maci64/libmwopcmwservices.dylib
0x00000001325ff000 	/Applications/Polyspace/R2019b/bin/maci64/libxerces-c-3.2.dylib
0x0000000132943000 	/Applications/Polyspace/R2019b/bin/maci64/libmwflnetwork.dylib
0x00000001109bc000 	/Applications/Polyspace/R2019b/bin/maci64/libmwflstorageevents.dylib
0x000000011377f000 	/Applications/Polyspace/R2019b/bin/maci64/libmwflcrypto.dylib
0x0000000110109000 	/Applications/Polyspace/R2019b/bin/maci64/libmwflcryptoutils.dylib
0x0000000132a20000 	/Applications/Polyspace/R2019b/bin/maci64/libmwflcryptocryptopp.dylib
0x0000000111c5c000 	/Applications/Polyspace/R2019b/bin/maci64/libmwflcertificates.dylib
0x0000000132cfa000 	/Applications/Polyspace/R2019b/bin/maci64/libssl.1.1.dylib
0x0000000110574000 	/Applications/Polyspace/R2019b/bin/maci64/libminizip.dylib
0x0000000132d7e000 	/Applications/Polyspace/R2019b/bin/maci64/libmwboost_program_options.dylib
0x000000010fc39000 	/Applications/Polyspace/R2019b/bin/maci64/libmwsearch_path_interfaces.dylib
0x0000000132dcd000 	/Applications/Polyspace/R2019b/bin/maci64/libmwstoragefilefolderobserver.dylib
0x0000000110583000 	/Applications/Polyspace/R2019b/bin/maci64/libmwmatlabdata_boost_serialization.dylib
0x0000000132e30000 	/Applications/Polyspace/R2019b/bin/maci64/libmwmst.dylib
0x0000000111215000 	/Applications/Polyspace/R2019b/bin/maci64/libmwstartupplugin.dylib
0x0000000132f48000 	/Applications/Polyspace/R2019b/bin/maci64/libmwstartup_plugin_initializer.dylib
0x000000011150c000 	/Applications/Polyspace/R2019b/bin/maci64/libmvmtransportapi.dylib
0x0000000132fd3000 	/Applications/Polyspace/R2019b/bin/maci64/libmwmatlab_toolbox_events.dylib
0x00000001330cd000 	/Applications/Polyspace/R2019b/bin/maci64/libmwexecution_events.dylib
0x0000000111513000 	/Applications/Polyspace/R2019b/bin/maci64/libmwfoundation_json.dylib
0x0000000112138000 	/Applications/Polyspace/R2019b/bin/maci64/libmwdtoa.dylib
0x000000013334f000 	/Applications/Polyspace/R2019b/bin/maci64/libmwxmlcore.dylib
0x00000001333af000 	/Applications/Polyspace/R2019b/bin/maci64/libmwfoundation_matlabdata_json.dylib
0x000000013347e000 	/Applications/Polyspace/R2019b/bin/maci64/libmwsearch_path_events.dylib
0x000000010f83e000 	/Applications/Polyspace/R2019b/bin/maci64/libmwnativestrings.dylib
0x000000012f045000 	/Applications/Polyspace/R2019b/bin/maci64/libmwnativedialogs.dylib
0x0000000111521000 	/Applications/Polyspace/R2019b/bin/maci64/libmwfoundation_matlabjson_frontend.dylib
0x0000000133530000 	/Applications/Polyspace/R2019b/bin/maci64/libmwmcos.dylib
0x0000000112148000 	/Applications/Polyspace/R2019b/bin/maci64/libmwsplashscreen.dylib
0x0000000133585000 	/Applications/Polyspace/R2019b/bin/maci64/libmwm_dispatcher.dylib
0x000000013369d000 	/Applications/Polyspace/R2019b/bin/maci64/libmwm_interpreter.dylib
0x0000000133842000 	/Applications/Polyspace/R2019b/bin/maci64/libmwm_parser.dylib
0x00000001340b4000 	/Applications/Polyspace/R2019b/bin/maci64/libmwiqm.dylib
0x000000010f746000 	/Applications/Polyspace/R2019b/bin/maci64/libmwnativejava_services.dylib
0x000000012f05b000 	/Applications/Polyspace/R2019b/bin/maci64/libmwaddons_javapath.dylib
0x00000001125ce000 	/Applications/Polyspace/R2019b/sys/java/jre/maci64/jre/lib/jli/libjli.dylib
0x000000010f9df000 	/Applications/Polyspace/R2019b/bin/maci64/libmwm_dispatcher_interfaces.dylib
0x00000001137ca000 	/Applications/Polyspace/R2019b/bin/maci64/libmwcwf_implementation.dylib
0x00000001341ed000 	/Applications/Polyspace/R2019b/bin/maci64/libmwmatlab_modules_implementation.dylib
0x000000012f071000 	/Applications/Polyspace/R2019b/bin/maci64/libmwmatlab_modules_interfaces.dylib
0x0000000134216000 	/Applications/Polyspace/R2019b/bin/maci64/libmwmodule_descriptor_implementation.dylib
0x0000000134238000 	/Applications/Polyspace/R2019b/bin/maci64/libmwmodule_descriptor_interfaces.dylib
0x000000010feb8000 	/Applications/Polyspace/R2019b/bin/maci64/libmwmodule_feature.dylib
0x00000001109d5000 	/Applications/Polyspace/R2019b/bin/maci64/libmwsearch_path_features.dylib
0x0000000134245000 	/Applications/Polyspace/R2019b/bin/maci64/libmwsearch_path_impl.dylib
0x00000001342e0000 	/Applications/Polyspace/R2019b/bin/maci64/libmwddux.dylib
0x000000012f07e000 	/Applications/Polyspace/R2019b/bin/maci64/libmwbuiltin.dylib
0x0000000134309000 	/Applications/Polyspace/R2019b/bin/maci64/libmwmatlab_modules_events.dylib
0x0000000134311000 	/Applications/Polyspace/R2019b/bin/maci64/libmwm_ir.dylib
0x000000013437e000 	/Applications/Polyspace/R2019b/bin/maci64/libmwir_xfmr.dylib
0x0000000134396000 	/Applications/Polyspace/R2019b/bin/maci64/libmwmtok.dylib
0x00000001343ad000 	/Applications/Polyspace/R2019b/bin/maci64/libmwlf_util.dylib
0x00000001343e0000 	/Applications/Polyspace/R2019b/bin/maci64/libmex.dylib
0x0000000134479000 	/Applications/Polyspace/R2019b/bin/maci64/libmwfoundation_matlabdata_matlab.dylib
0x000000013458c000 	/Applications/Polyspace/R2019b/bin/maci64/libmwgenerate_diag_message.dylib
0x0000000111c8b000 	/Applications/Polyspace/R2019b/bin/maci64/libmwlanguage_execution_interfaces.dylib
0x0000000134594000 	/Applications/Polyspace/R2019b/bin/maci64/libmwerrorrecovery.dylib
0x0000000134632000 	/Applications/Polyspace/R2019b/bin/maci64/libmwcontextdata.dylib
0x0000000134664000 	/Applications/Polyspace/R2019b/bin/maci64/libmwnamesuggestion.dylib
0x00000001137d3000 	/Applications/Polyspace/R2019b/bin/maci64/libmw_addons_core_metadata_provider.dylib
0x000000013468e000 	/Applications/Polyspace/R2019b/bin/maci64/libmwsprootutils.dylib
0x00000001346a5000 	/Applications/Polyspace/R2019b/bin/maci64/libmwmetadata_core.dylib
0x00000001346b0000 	/Applications/Polyspace/R2019b/bin/maci64/libmwmetadata_serializer.dylib
0x0000000110a87000 	/Applications/Polyspace/R2019b/bin/maci64/libmwresources_folder.dylib
0x00000001346bf000 	/Applications/Polyspace/R2019b/bin/maci64/libmwxmlutils.dylib
0x00000001346c6000 	/Applications/Polyspace/R2019b/bin/maci64/libxml2.2.dylib
0x000000013485d000 	/Applications/Polyspace/R2019b/bin/maci64/libPocoFoundation.60.dylib
0x0000000134b06000 	/Applications/Polyspace/R2019b/bin/maci64/libPocoXML.60.dylib
0x0000000134e34000 	/Applications/Polyspace/R2019b/bin/maci64/cppmicroservices_compendium/foundation/cppmicroservices/declarativeservicesimpl/mwServiceComponentImpl.dylib
0x0000000113281000 	/Applications/Polyspace/R2019b/bin/maci64/libmwServiceComponent.dylib
0x00000001125dd000 	/Applications/Polyspace/R2019b/bin/maci64/libmwLogService.dylib
0x0000000134eb9000 	/Applications/Polyspace/R2019b/bin/maci64/cppmicroservices_compendium/foundation/cppmicroservices/logserviceimpl/mwLogServiceImpl.dylib
0x000000010c807000 	/Applications/Polyspace/R2019b/bin/maci64/libnativecapabilities.dylib
0x000000013526c000 	/Library/Java/JavaVirtualMachines/jdk1.8.0_144.jdk/Contents/Home/jre/lib/libawt.dylib
0x0000000135314000 	/Library/Java/JavaVirtualMachines/jdk1.8.0_144.jdk/Contents/Home/jre/lib/libmlib_image.dylib
0x00000001353e0000 	/Library/Java/JavaVirtualMachines/jdk1.8.0_144.jdk/Contents/Home/jre/lib/libawt_lwawt.dylib
0x000000010f8ed000 	/Library/Java/JavaVirtualMachines/jdk1.8.0_144.jdk/Contents/Home/jre/lib/libosxapp.dylib
0x0000000008ced000 	/System/Library/Frameworks/ExceptionHandling.framework/Versions/A/ExceptionHandling
0x0000000134ec4000 	/Library/Java/JavaVirtualMachines/jdk1.8.0_144.jdk/Contents/Home/jre/lib/libfontmanager.dylib
0x0000000135497000 	/Applications/Polyspace/R2019b/bin/maci64/libmwmcos_impl.dylib
0x000000010f909000 	/Applications/Polyspace/R2019b/bin/maci64/libmwparser_alias.dylib
0x000000010f91e000 	/Applications/Polyspace/R2019b/bin/maci64/libmwobject_serialization_customization.dylib

VM Arguments:
jvm_args: -agentlib:jdwp=transport=dt_socket,suspend=y,address=localhost:52852 -Djava.library.path=/Applications/Polyspace/R2019b/bin/maci64 -javaagent:/Applications/Eclipse/Eclipse.app/Contents/Eclipse/configuration/org.eclipse.osgi/404/0/.cp/lib/javaagent-shaded.jar -Dfile.encoding=UTF-8 
java_command: com.gago.ECGScannerAPIRest.EcgScannerApiRestApplication
java_class_path (initial): /Users/gago/Dropbox/Proyecto/Dev/repo/ecgscanner/ECGScannerAPIRest/target/classes:/Users/gago/Dropbox/Proyecto/Dev/repo/ecgscanner/ECGScannerAPIRest/src/main/resources/external/engine.jar:/Users/gago/Dropbox/Proyecto/Dev/repo/ecgscanner/ECGScannerAPIRest/src/main/resources/external/jmi.jar:/Users/gago/.m2/repository/org/springframework/boot/spring-boot-starter-security/2.3.4.RELEASE/spring-boot-starter-security-2.3.4.RELEASE.jar:/Users/gago/.m2/repository/org/springframework/boot/spring-boot-starter/2.3.4.RELEASE/spring-boot-starter-2.3.4.RELEASE.jar:/Users/gago/.m2/repository/org/springframework/boot/spring-boot/2.3.4.RELEASE/spring-boot-2.3.4.RELEASE.jar:/Users/gago/.m2/repository/org/springframework/boot/spring-boot-autoconfigure/2.3.4.RELEASE/spring-boot-autoconfigure-2.3.4.RELEASE.jar:/Users/gago/.m2/repository/org/springframework/boot/spring-boot-starter-logging/2.3.4.RELEASE/spring-boot-starter-logging-2.3.4.RELEASE.jar:/Users/gago/.m2/repository/ch/qos/logback/logback-classic/1.2.3/logback-classic-1.2.3.jar:/Users/gago/.m2/repository/ch/qos/logback/logback-core/1.2.3/logback-core-1.2.3.jar:/Users/gago/.m2/repository/org/apache/logging/log4j/log4j-to-slf4j/2.13.3/log4j-to-slf4j-2.13.3.jar:/Users/gago/.m2/repository/org/apache/logging/log4j/log4j-api/2.13.3/log4j-api-2.13.3.jar:/Users/gago/.m2/repository/org/slf4j/jul-to-slf4j/1.7.30/jul-to-slf4j-1.7.30.jar:/Users/gago/.m2/repository/jakarta/annotation/jakarta.annotation-api/1.3.5/jakarta.annotation-api-1.3.5.jar:/Users/gago/.m2/repository/org/yaml/snakeyaml/1.26/snakeyaml-1.26.jar:/Users/gago/.m2/repository/org/springframework/spring-aop/5.2.9.RELEASE/spring-aop-5.2.9.RELEASE.jar:/Users/gago/.m2/repository/org/springframework/spring-beans/5.2.9.RELEASE/spring-beans-5.2.9.RELEASE.jar:/Users/gago/.m2/repository/org/springframework/security/spring-security-config/5.3.4.RELEASE/spring-security-config-5.3.4.RELEASE.jar:/Users/gago/.m2/repository/org/springframework/spring-context/5.2.9
Launcher Type: SUN_STANDARD

Environment Variables:
PATH=/usr/bin:/bin:/usr/sbin:/sbin
SHELL=/bin/bash
DISPLAY=/private/tmp/com.apple.launchd.nO0POrK5xV/org.macosforge.xquartz:0

Signal Handlers:
SIGSEGV: [libjvm.dylib+0x5b26e5], sa_mask[0]=11111111011111110111111111111111, sa_flags=SA_ONSTACK|SA_RESTART|SA_SIGINFO
SIGBUS: [libjvm.dylib+0x5b26e5], sa_mask[0]=11111111011111110111111111111111, sa_flags=SA_RESTART|SA_SIGINFO
SIGFPE: [libjvm.dylib+0x489100], sa_mask[0]=11111111011111110111111111111111, sa_flags=SA_RESTART|SA_SIGINFO
SIGPIPE: [libjvm.dylib+0x489100], sa_mask[0]=11111111011111110111111111111111, sa_flags=SA_RESTART|SA_SIGINFO
SIGXFSZ: [libjvm.dylib+0x489100], sa_mask[0]=11111111011111110111111111111111, sa_flags=SA_RESTART|SA_SIGINFO
SIGILL: [libjvm.dylib+0x489100], sa_mask[0]=00000000000000000000000000000000, sa_flags=SA_RESTART, flags was changed from 0x00000042, consider using jsig library
SIGUSR1: SIG_DFL, sa_mask[0]=00000000000000000000000000000000, sa_flags=none
SIGUSR2: [libjvm.dylib+0x488c1e], sa_mask[0]=00100000000000000000000000000000, sa_flags=SA_RESTART|SA_SIGINFO
SIGHUP: [libjvm.dylib+0x4871f5], sa_mask[0]=11111111011111110111111111111111, sa_flags=SA_RESTART|SA_SIGINFO
SIGINT: [libjvm.dylib+0x4871f5], sa_mask[0]=11111111011111110111111111111111, sa_flags=SA_RESTART|SA_SIGINFO
SIGTERM: [libjvm.dylib+0x4871f5], sa_mask[0]=11111111011111110111111111111111, sa_flags=SA_RESTART|SA_SIGINFO
SIGQUIT: [libjvm.dylib+0x4871f5], sa_mask[0]=11111111011111110111111111111111, sa_flags=SA_RESTART|SA_SIGINFO


---------------  S Y S T E M  ---------------

OS:Bsduname:Darwin 19.4.0 Darwin Kernel Version 19.4.0: Wed Mar  4 22:28:40 PST 2020; root:xnu-6153.101.6~15/RELEASE_X86_64 x86_64
rlimit: STACK 8192k, CORE 0k, NPROC 4176, NOFILE 10240, AS infinity
load average:3.06 2.97 2.81

CPU:total 4 (initial active 4) (4 cores per cpu, 1 threads per core) family 6 model 158 stepping 9, cmov, cx8, fxsr, mmx, sse, sse2, sse3, ssse3, sse4.1, sse4.2, popcnt, avx, avx2, aes, clmul, erms, rtm, 3dnowpref, lzcnt, tsc, tscinvbit, bmi1, bmi2, adx

Memory: 4k page, physical 25165824k(681464k free)

/proc/meminfo:


vm_info: Java HotSpot(TM) 64-Bit Server VM (25.144-b01) for bsd-amd64 JRE (1.8.0_144-b01), built on Jul 21 2017 22:07:42 by "java_re" with gcc 4.2.1 (Based on Apple Inc. build 5658) (LLVM build 2336.11.00)

time: Wed Feb  3 22:19:59 2021
elapsed time: 9707 seconds (0d 2h 41m 47s)

